13:38:58 DEBUG logging - Logging Provider: org.jboss.logging.Log4j2LoggerProvider
13:38:58 DEBUG HibernatePersistenceProvider - Located and parsed 1 persistence units; checking each
13:38:58 DEBUG HibernatePersistenceProvider - Checking persistence-unit [name=by.epam.web, explicit-provider=org.hibernate.jpa.HibernatePersistenceProvider] against incoming persistence unit name [by.epam.web]
13:38:58 DEBUG ProviderChecker - Persistence-unit [by.epam.web] requested PersistenceProvider [org.hibernate.jpa.HibernatePersistenceProvider]
13:38:58 DEBUG LogHelper - PersistenceUnitInfo [
	name: by.epam.web
	persistence provider classname: org.hibernate.jpa.HibernatePersistenceProvider
	classloader: null
	excludeUnlistedClasses: true
	JTA datasource: null
	Non JTA datasource: null
	Transaction type: RESOURCE_LOCAL
	PU root URL: file:/D:/Users/User/IdeaProjects/FinalHibernate/target/classes/
	Shared Cache Mode: null
	Validation Mode: null
	Jar files URLs []
	Managed classes names [
		by.epam.web.bean.User
		by.epam.web.bean.Tarif
		by.epam.web.bean.Note]
	Mapping files names []
	Properties [
		javax.persistence.jdbc.driver: com.mysql.jdbc.Driver
		javax.persistence.jdbc.password: 123456
		javax.persistence.jdbc.url: jdbc:mysql://localhost:3306/hiber_telecom?serverTimezone=Europe/Minsk&useSSL=false&logger=com.mysql.jdbc.log.Slf4JLogger
		hibernate.dialect: org.hibernate.dialect.MySQLDialect
		hibernate.show_sql: false
		hibernate.hbm2ddl.auto: validate
		javax.persistence.jdbc.user: root]
13:38:58 DEBUG IntegratorServiceImpl - Adding Integrator [org.hibernate.cfg.beanvalidation.BeanValidationIntegrator].
13:38:58 DEBUG IntegratorServiceImpl - Adding Integrator [org.hibernate.secure.spi.JaccIntegrator].
13:38:58 DEBUG IntegratorServiceImpl - Adding Integrator [org.hibernate.cache.internal.CollectionCacheInvalidator].
13:38:58 INFO  Version - HHH000412: Hibernate ORM core version 5.4.12.Final
13:38:58 DEBUG Environment - HHH000206: hibernate.properties not found
13:38:59 DEBUG ServiceBinding - Overriding existing service binding [org.hibernate.secure.spi.JaccService]
13:38:59 DEBUG RegionFactoryInitiator - Cannot default RegionFactory based on registered strategies as `[]` RegionFactory strategies were registered
13:38:59 DEBUG RegionFactoryInitiator - Cache region factory : org.hibernate.cache.internal.NoCachingRegionFactory
13:38:59 INFO  Version - HCANN000001: Hibernate Commons Annotations {5.1.0.Final}
13:38:59 DEBUG BasicTypeRegistry - Adding type registration boolean -> org.hibernate.type.BooleanType@77b325b3
13:38:59 DEBUG BasicTypeRegistry - Adding type registration boolean -> org.hibernate.type.BooleanType@77b325b3
13:38:59 DEBUG BasicTypeRegistry - Adding type registration java.lang.Boolean -> org.hibernate.type.BooleanType@77b325b3
13:38:59 DEBUG BasicTypeRegistry - Adding type registration numeric_boolean -> org.hibernate.type.NumericBooleanType@271f18d3
13:38:59 DEBUG BasicTypeRegistry - Adding type registration true_false -> org.hibernate.type.TrueFalseType@eadb475
13:38:59 DEBUG BasicTypeRegistry - Adding type registration yes_no -> org.hibernate.type.YesNoType@5cad8b7d
13:38:59 DEBUG BasicTypeRegistry - Adding type registration byte -> org.hibernate.type.ByteType@420bc288
13:38:59 DEBUG BasicTypeRegistry - Adding type registration byte -> org.hibernate.type.ByteType@420bc288
13:38:59 DEBUG BasicTypeRegistry - Adding type registration java.lang.Byte -> org.hibernate.type.ByteType@420bc288
13:38:59 DEBUG BasicTypeRegistry - Adding type registration character -> org.hibernate.type.CharacterType@64b31700
13:38:59 DEBUG BasicTypeRegistry - Adding type registration char -> org.hibernate.type.CharacterType@64b31700
13:38:59 DEBUG BasicTypeRegistry - Adding type registration java.lang.Character -> org.hibernate.type.CharacterType@64b31700
13:38:59 DEBUG BasicTypeRegistry - Adding type registration short -> org.hibernate.type.ShortType@5fd9b663
13:38:59 DEBUG BasicTypeRegistry - Adding type registration short -> org.hibernate.type.ShortType@5fd9b663
13:38:59 DEBUG BasicTypeRegistry - Adding type registration java.lang.Short -> org.hibernate.type.ShortType@5fd9b663
13:38:59 DEBUG BasicTypeRegistry - Adding type registration integer -> org.hibernate.type.IntegerType@6548bb7d
13:38:59 DEBUG BasicTypeRegistry - Adding type registration int -> org.hibernate.type.IntegerType@6548bb7d
13:38:59 DEBUG BasicTypeRegistry - Adding type registration java.lang.Integer -> org.hibernate.type.IntegerType@6548bb7d
13:38:59 DEBUG BasicTypeRegistry - Adding type registration long -> org.hibernate.type.LongType@6b5f8707
13:38:59 DEBUG BasicTypeRegistry - Adding type registration long -> org.hibernate.type.LongType@6b5f8707
13:38:59 DEBUG BasicTypeRegistry - Adding type registration java.lang.Long -> org.hibernate.type.LongType@6b5f8707
13:38:59 DEBUG BasicTypeRegistry - Adding type registration float -> org.hibernate.type.FloatType@51bde877
13:38:59 DEBUG BasicTypeRegistry - Adding type registration float -> org.hibernate.type.FloatType@51bde877
13:38:59 DEBUG BasicTypeRegistry - Adding type registration java.lang.Float -> org.hibernate.type.FloatType@51bde877
13:38:59 DEBUG BasicTypeRegistry - Adding type registration double -> org.hibernate.type.DoubleType@1a1d3c1a
13:38:59 DEBUG BasicTypeRegistry - Adding type registration double -> org.hibernate.type.DoubleType@1a1d3c1a
13:38:59 DEBUG BasicTypeRegistry - Adding type registration java.lang.Double -> org.hibernate.type.DoubleType@1a1d3c1a
13:38:59 DEBUG BasicTypeRegistry - Adding type registration big_decimal -> org.hibernate.type.BigDecimalType@6ac4944a
13:38:59 DEBUG BasicTypeRegistry - Adding type registration java.math.BigDecimal -> org.hibernate.type.BigDecimalType@6ac4944a
13:38:59 DEBUG BasicTypeRegistry - Adding type registration big_integer -> org.hibernate.type.BigIntegerType@2e27d72f
13:38:59 DEBUG BasicTypeRegistry - Adding type registration java.math.BigInteger -> org.hibernate.type.BigIntegerType@2e27d72f
13:38:59 DEBUG BasicTypeRegistry - Adding type registration string -> org.hibernate.type.StringType@49bf29c6
13:38:59 DEBUG BasicTypeRegistry - Adding type registration java.lang.String -> org.hibernate.type.StringType@49bf29c6
13:38:59 DEBUG BasicTypeRegistry - Adding type registration nstring -> org.hibernate.type.StringNVarcharType@46292372
13:38:59 DEBUG BasicTypeRegistry - Adding type registration ncharacter -> org.hibernate.type.CharacterNCharType@530a8454
13:38:59 DEBUG BasicTypeRegistry - Adding type registration url -> org.hibernate.type.UrlType@7726e185
13:38:59 DEBUG BasicTypeRegistry - Adding type registration java.net.URL -> org.hibernate.type.UrlType@7726e185
13:38:59 DEBUG BasicTypeRegistry - Adding type registration Duration -> org.hibernate.type.DurationType@3b4ef7
13:38:59 DEBUG BasicTypeRegistry - Adding type registration java.time.Duration -> org.hibernate.type.DurationType@3b4ef7
13:38:59 DEBUG BasicTypeRegistry - Adding type registration Instant -> org.hibernate.type.InstantType@71b1a49c
13:38:59 DEBUG BasicTypeRegistry - Adding type registration java.time.Instant -> org.hibernate.type.InstantType@71b1a49c
13:38:59 DEBUG BasicTypeRegistry - Adding type registration LocalDateTime -> org.hibernate.type.LocalDateTimeType@3b809711
13:38:59 DEBUG BasicTypeRegistry - Adding type registration java.time.LocalDateTime -> org.hibernate.type.LocalDateTimeType@3b809711
13:38:59 DEBUG BasicTypeRegistry - Adding type registration LocalDate -> org.hibernate.type.LocalDateType@2a415aa9
13:38:59 DEBUG BasicTypeRegistry - Adding type registration java.time.LocalDate -> org.hibernate.type.LocalDateType@2a415aa9
13:38:59 DEBUG BasicTypeRegistry - Adding type registration LocalTime -> org.hibernate.type.LocalTimeType@2392212b
13:38:59 DEBUG BasicTypeRegistry - Adding type registration java.time.LocalTime -> org.hibernate.type.LocalTimeType@2392212b
13:38:59 DEBUG BasicTypeRegistry - Adding type registration OffsetDateTime -> org.hibernate.type.OffsetDateTimeType@6594402a
13:38:59 DEBUG BasicTypeRegistry - Adding type registration java.time.OffsetDateTime -> org.hibernate.type.OffsetDateTimeType@6594402a
13:38:59 DEBUG BasicTypeRegistry - Adding type registration OffsetTime -> org.hibernate.type.OffsetTimeType@38600b
13:38:59 DEBUG BasicTypeRegistry - Adding type registration java.time.OffsetTime -> org.hibernate.type.OffsetTimeType@38600b
13:38:59 DEBUG BasicTypeRegistry - Adding type registration ZonedDateTime -> org.hibernate.type.ZonedDateTimeType@3dedb4a6
13:38:59 DEBUG BasicTypeRegistry - Adding type registration java.time.ZonedDateTime -> org.hibernate.type.ZonedDateTimeType@3dedb4a6
13:38:59 DEBUG BasicTypeRegistry - Adding type registration date -> org.hibernate.type.DateType@30cdae70
13:38:59 DEBUG BasicTypeRegistry - Adding type registration java.sql.Date -> org.hibernate.type.DateType@30cdae70
13:38:59 DEBUG BasicTypeRegistry - Adding type registration time -> org.hibernate.type.TimeType@6974a715
13:38:59 DEBUG BasicTypeRegistry - Adding type registration java.sql.Time -> org.hibernate.type.TimeType@6974a715
13:38:59 DEBUG BasicTypeRegistry - Adding type registration timestamp -> org.hibernate.type.TimestampType@19542407
13:38:59 DEBUG BasicTypeRegistry - Adding type registration java.sql.Timestamp -> org.hibernate.type.TimestampType@19542407
13:38:59 DEBUG BasicTypeRegistry - Adding type registration java.util.Date -> org.hibernate.type.TimestampType@19542407
13:38:59 DEBUG BasicTypeRegistry - Adding type registration dbtimestamp -> org.hibernate.type.DbTimestampType@55caeb35
13:38:59 DEBUG BasicTypeRegistry - Adding type registration calendar -> org.hibernate.type.CalendarType@3af37506
13:38:59 DEBUG BasicTypeRegistry - Adding type registration java.util.Calendar -> org.hibernate.type.CalendarType@3af37506
13:38:59 DEBUG BasicTypeRegistry - Adding type registration java.util.GregorianCalendar -> org.hibernate.type.CalendarType@3af37506
13:38:59 DEBUG BasicTypeRegistry - Adding type registration calendar_date -> org.hibernate.type.CalendarDateType@21ae6e73
13:38:59 DEBUG BasicTypeRegistry - Adding type registration calendar_time -> org.hibernate.type.CalendarTimeType@1adb7478
13:38:59 DEBUG BasicTypeRegistry - Adding type registration locale -> org.hibernate.type.LocaleType@5a4ed68f
13:38:59 DEBUG BasicTypeRegistry - Adding type registration java.util.Locale -> org.hibernate.type.LocaleType@5a4ed68f
13:38:59 DEBUG BasicTypeRegistry - Adding type registration currency -> org.hibernate.type.CurrencyType@29d334c
13:38:59 DEBUG BasicTypeRegistry - Adding type registration java.util.Currency -> org.hibernate.type.CurrencyType@29d334c
13:38:59 DEBUG BasicTypeRegistry - Adding type registration timezone -> org.hibernate.type.TimeZoneType@680362a
13:38:59 DEBUG BasicTypeRegistry - Adding type registration java.util.TimeZone -> org.hibernate.type.TimeZoneType@680362a
13:38:59 DEBUG BasicTypeRegistry - Adding type registration class -> org.hibernate.type.ClassType@538cd0f2
13:38:59 DEBUG BasicTypeRegistry - Adding type registration java.lang.Class -> org.hibernate.type.ClassType@538cd0f2
13:38:59 DEBUG BasicTypeRegistry - Adding type registration uuid-binary -> org.hibernate.type.UUIDBinaryType@42d236fb
13:38:59 DEBUG BasicTypeRegistry - Adding type registration java.util.UUID -> org.hibernate.type.UUIDBinaryType@42d236fb
13:38:59 DEBUG BasicTypeRegistry - Adding type registration uuid-char -> org.hibernate.type.UUIDCharType@46044faa
13:38:59 DEBUG BasicTypeRegistry - Adding type registration binary -> org.hibernate.type.BinaryType@208e9ef6
13:38:59 DEBUG BasicTypeRegistry - Adding type registration byte[] -> org.hibernate.type.BinaryType@208e9ef6
13:38:59 DEBUG BasicTypeRegistry - Adding type registration [B -> org.hibernate.type.BinaryType@208e9ef6
13:38:59 DEBUG BasicTypeRegistry - Adding type registration wrapper-binary -> org.hibernate.type.WrapperBinaryType@537b32ef
13:38:59 DEBUG BasicTypeRegistry - Adding type registration Byte[] -> org.hibernate.type.WrapperBinaryType@537b32ef
13:38:59 DEBUG BasicTypeRegistry - Adding type registration [Ljava.lang.Byte; -> org.hibernate.type.WrapperBinaryType@537b32ef
13:38:59 DEBUG BasicTypeRegistry - Adding type registration row_version -> org.hibernate.type.RowVersionType@107e5441
13:38:59 DEBUG BasicTypeRegistry - Adding type registration image -> org.hibernate.type.ImageType@7daa61f3
13:38:59 DEBUG BasicTypeRegistry - Adding type registration characters -> org.hibernate.type.CharArrayType@48e7b3d2
13:38:59 DEBUG BasicTypeRegistry - Adding type registration char[] -> org.hibernate.type.CharArrayType@48e7b3d2
13:38:59 DEBUG BasicTypeRegistry - Adding type registration [C -> org.hibernate.type.CharArrayType@48e7b3d2
13:38:59 DEBUG BasicTypeRegistry - Adding type registration wrapper-characters -> org.hibernate.type.CharacterArrayType@4925f4f5
13:38:59 DEBUG BasicTypeRegistry - Adding type registration [Ljava.lang.Character; -> org.hibernate.type.CharacterArrayType@4925f4f5
13:38:59 DEBUG BasicTypeRegistry - Adding type registration Character[] -> org.hibernate.type.CharacterArrayType@4925f4f5
13:38:59 DEBUG BasicTypeRegistry - Adding type registration text -> org.hibernate.type.TextType@5f2afe62
13:38:59 DEBUG BasicTypeRegistry - Adding type registration ntext -> org.hibernate.type.NTextType@68105edc
13:38:59 DEBUG BasicTypeRegistry - Adding type registration blob -> org.hibernate.type.BlobType@470a9030
13:38:59 DEBUG BasicTypeRegistry - Adding type registration java.sql.Blob -> org.hibernate.type.BlobType@470a9030
13:38:59 DEBUG BasicTypeRegistry - Adding type registration materialized_blob -> org.hibernate.type.MaterializedBlobType@1e411d81
13:38:59 DEBUG BasicTypeRegistry - Adding type registration clob -> org.hibernate.type.ClobType@6a9287b1
13:38:59 DEBUG BasicTypeRegistry - Adding type registration java.sql.Clob -> org.hibernate.type.ClobType@6a9287b1
13:38:59 DEBUG BasicTypeRegistry - Adding type registration nclob -> org.hibernate.type.NClobType@31611954
13:38:59 DEBUG BasicTypeRegistry - Adding type registration java.sql.NClob -> org.hibernate.type.NClobType@31611954
13:38:59 DEBUG BasicTypeRegistry - Adding type registration materialized_clob -> org.hibernate.type.MaterializedClobType@3088660d
13:38:59 DEBUG BasicTypeRegistry - Adding type registration materialized_nclob -> org.hibernate.type.MaterializedNClobType@1bd81830
13:38:59 DEBUG BasicTypeRegistry - Adding type registration serializable -> org.hibernate.type.SerializableType@79b663b3
13:38:59 DEBUG BasicTypeRegistry - Adding type registration object -> org.hibernate.type.ObjectType@265c5d69
13:38:59 DEBUG BasicTypeRegistry - Adding type registration java.lang.Object -> org.hibernate.type.ObjectType@265c5d69
13:38:59 DEBUG BasicTypeRegistry - Adding type registration imm_date -> org.hibernate.type.AdaptedImmutableType@775594f2
13:38:59 DEBUG BasicTypeRegistry - Adding type registration imm_time -> org.hibernate.type.AdaptedImmutableType@5767b2af
13:38:59 DEBUG BasicTypeRegistry - Adding type registration imm_timestamp -> org.hibernate.type.AdaptedImmutableType@7b22ec89
13:38:59 DEBUG BasicTypeRegistry - Adding type registration imm_dbtimestamp -> org.hibernate.type.AdaptedImmutableType@790132f7
13:38:59 DEBUG BasicTypeRegistry - Adding type registration imm_calendar -> org.hibernate.type.AdaptedImmutableType@2228db21
13:38:59 DEBUG BasicTypeRegistry - Adding type registration imm_calendar_date -> org.hibernate.type.AdaptedImmutableType@48b0e701
13:38:59 DEBUG BasicTypeRegistry - Adding type registration imm_binary -> org.hibernate.type.AdaptedImmutableType@241a0c3a
13:38:59 DEBUG BasicTypeRegistry - Adding type registration imm_serializable -> org.hibernate.type.AdaptedImmutableType@547c04c4
13:38:59 DEBUG BootstrapContextImpl - Injecting ScanEnvironment [org.hibernate.jpa.boot.internal.StandardJpaScanEnvironmentImpl@65f00478] into BootstrapContext; was [null]
13:38:59 DEBUG BootstrapContextImpl - Injecting ScanOptions [org.hibernate.boot.archive.scan.internal.StandardScanOptions@2424686b] into BootstrapContext; was [org.hibernate.boot.archive.scan.internal.StandardScanOptions@6ea94d6a]
13:39:00 DEBUG BootstrapContextImpl - Injecting JPA temp ClassLoader [null] into BootstrapContext; was [null]
13:39:00 DEBUG ClassLoaderAccessImpl - ClassLoaderAccessImpl#injectTempClassLoader(null) [was null]
13:39:00 DEBUG DefaultIdentifierGeneratorFactory - Registering IdentifierGenerator strategy [uuid2] -> [org.hibernate.id.UUIDGenerator]
13:39:00 DEBUG DefaultIdentifierGeneratorFactory - Registering IdentifierGenerator strategy [guid] -> [org.hibernate.id.GUIDGenerator]
13:39:00 DEBUG DefaultIdentifierGeneratorFactory - Registering IdentifierGenerator strategy [uuid] -> [org.hibernate.id.UUIDHexGenerator]
13:39:00 DEBUG DefaultIdentifierGeneratorFactory - Registering IdentifierGenerator strategy [uuid.hex] -> [org.hibernate.id.UUIDHexGenerator]
13:39:00 DEBUG DefaultIdentifierGeneratorFactory - Registering IdentifierGenerator strategy [assigned] -> [org.hibernate.id.Assigned]
13:39:00 DEBUG DefaultIdentifierGeneratorFactory - Registering IdentifierGenerator strategy [identity] -> [org.hibernate.id.IdentityGenerator]
13:39:00 DEBUG DefaultIdentifierGeneratorFactory - Registering IdentifierGenerator strategy [select] -> [org.hibernate.id.SelectGenerator]
13:39:00 DEBUG DefaultIdentifierGeneratorFactory - Registering IdentifierGenerator strategy [sequence] -> [org.hibernate.id.enhanced.SequenceStyleGenerator]
13:39:00 DEBUG DefaultIdentifierGeneratorFactory - Registering IdentifierGenerator strategy [seqhilo] -> [org.hibernate.id.SequenceHiLoGenerator]
13:39:00 DEBUG DefaultIdentifierGeneratorFactory - Registering IdentifierGenerator strategy [increment] -> [org.hibernate.id.IncrementGenerator]
13:39:00 DEBUG DefaultIdentifierGeneratorFactory - Registering IdentifierGenerator strategy [foreign] -> [org.hibernate.id.ForeignGenerator]
13:39:00 DEBUG DefaultIdentifierGeneratorFactory - Registering IdentifierGenerator strategy [sequence-identity] -> [org.hibernate.id.SequenceIdentityGenerator]
13:39:00 DEBUG DefaultIdentifierGeneratorFactory - Registering IdentifierGenerator strategy [enhanced-sequence] -> [org.hibernate.id.enhanced.SequenceStyleGenerator]
13:39:00 DEBUG DefaultIdentifierGeneratorFactory - Registering IdentifierGenerator strategy [enhanced-table] -> [org.hibernate.id.enhanced.TableGenerator]
13:39:00 WARN  pooling - HHH10001002: Using Hibernate built-in connection pool (not for production use!)
13:39:00 INFO  pooling - HHH10001005: using driver [com.mysql.jdbc.Driver] at URL [jdbc:mysql://localhost:3306/hiber_telecom?serverTimezone=Europe/Minsk&useSSL=false&logger=com.mysql.jdbc.log.Slf4JLogger]
13:39:00 INFO  pooling - HHH10001001: Connection properties: {user=root, password=123456}
13:39:00 INFO  pooling - HHH10001003: Autocommit mode: false
13:39:00 DEBUG DriverManagerConnectionProviderImpl - Initializing Connection pool with 1 Connections
13:39:00 INFO  DriverManagerConnectionProviderImpl - HHH000115: Hibernate connection pool size: 20 (min=1)
13:39:00 DEBUG JdbcEnvironmentInitiator - Database ->
       name : MySQL
    version : 8.0.11
      major : 8
      minor : 0
13:39:00 DEBUG JdbcEnvironmentInitiator - Driver ->
       name : MySQL Connector Java
    version : mysql-connector-java-5.1.48 ( Revision: 29734982609c32d3ab7e5cac2e6acee69ff6b4aa )
      major : 5
      minor : 1
13:39:00 DEBUG JdbcEnvironmentInitiator - JDBC version : 4.0
13:39:00 INFO  Dialect - HHH000400: Using dialect: org.hibernate.dialect.MySQLDialect
13:39:00 DEBUG IdentifierHelperBuilder - JDBC driver metadata reported database stores quoted identifiers in more than one case
13:39:00 DEBUG IdentifierHelperBuilder - IdentifierCaseStrategy for both quoted and unquoted identifiers was set to the same strategy [LOWER]; that will likely lead to problems in schema update and validation if using quoted identifiers
13:39:01 DEBUG Namespace - Created database namespace [logicalName=Name{catalog=null, schema=null}, physicalName=Name{catalog=null, schema=null}]
13:39:01 DEBUG TypeConfiguration$Scope - Scoping TypeConfiguration [org.hibernate.type.spi.TypeConfiguration@5c10285a] to MetadataBuildingContext [org.hibernate.boot.internal.MetadataBuildingContextRootImpl@6b667cb3]
13:39:01 DEBUG AnnotationBinder - Binding entity from annotated class: by.epam.web.bean.Tarif
13:39:01 DEBUG Ejb3Column - Binding column: Ejb3DiscriminatorColumn{logicalColumnName'DTYPE', discriminatorTypeName='string'}
13:39:01 DEBUG EntityBinder - Import with entity name Tarif
13:39:01 DEBUG EntityBinder - Bind entity by.epam.web.bean.Tarif on table tariff
13:39:01 DEBUG Ejb3Column - Binding column: Ejb3Column{table=org.hibernate.mapping.Table(tariff), mappingColumn=id, insertable=true, updatable=true, unique=false}
13:39:01 DEBUG PropertyBinder - MetadataSourceProcessor property id with lazy=false
13:39:01 DEBUG AbstractPropertyHolder - Attempting to locate auto-apply AttributeConverter for property [by.epam.web.bean.Tarif:id]
13:39:01 DEBUG SimpleValueBinder - building SimpleValue for id
13:39:01 DEBUG PropertyBinder - Building property id
13:39:01 DEBUG BinderHelper - #makeIdGenerator(org.hibernate.mapping.SimpleValue([org.hibernate.mapping.Column(id)]), id, identity, , ...)
13:39:01 DEBUG Ejb3Column - Binding column: Ejb3Column{table=org.hibernate.mapping.Table(tariff), mappingColumn=description, insertable=true, updatable=true, unique=false}
13:39:01 DEBUG PropertyBinder - MetadataSourceProcessor property description with lazy=false
13:39:01 DEBUG AbstractPropertyHolder - Attempting to locate auto-apply AttributeConverter for property [by.epam.web.bean.Tarif:description]
13:39:01 DEBUG SimpleValueBinder - building SimpleValue for description
13:39:01 DEBUG PropertyBinder - Building property description
13:39:01 DEBUG Ejb3Column - Binding column: Ejb3Column{table=org.hibernate.mapping.Table(tariff), mappingColumn=discount, insertable=true, updatable=true, unique=false}
13:39:01 DEBUG PropertyBinder - MetadataSourceProcessor property discount with lazy=false
13:39:01 DEBUG AbstractPropertyHolder - Attempting to locate auto-apply AttributeConverter for property [by.epam.web.bean.Tarif:discount]
13:39:01 DEBUG SimpleValueBinder - building SimpleValue for discount
13:39:01 DEBUG PropertyBinder - Building property discount
13:39:01 DEBUG Ejb3Column - Binding column: Ejb3Column{table=org.hibernate.mapping.Table(tariff), mappingColumn=name, insertable=true, updatable=true, unique=false}
13:39:01 DEBUG PropertyBinder - MetadataSourceProcessor property name with lazy=false
13:39:01 DEBUG AbstractPropertyHolder - Attempting to locate auto-apply AttributeConverter for property [by.epam.web.bean.Tarif:name]
13:39:01 DEBUG SimpleValueBinder - building SimpleValue for name
13:39:01 DEBUG PropertyBinder - Building property name
13:39:01 DEBUG Ejb3Column - Binding column: Ejb3Column{table=org.hibernate.mapping.Table(tariff), mappingColumn=price, insertable=true, updatable=true, unique=false}
13:39:01 DEBUG PropertyBinder - MetadataSourceProcessor property price with lazy=false
13:39:01 DEBUG AbstractPropertyHolder - Attempting to locate auto-apply AttributeConverter for property [by.epam.web.bean.Tarif:price]
13:39:01 DEBUG SimpleValueBinder - building SimpleValue for price
13:39:01 DEBUG PropertyBinder - Building property price
13:39:01 DEBUG Ejb3Column - Binding column: Ejb3Column{table=org.hibernate.mapping.Table(tariff), mappingColumn=speed, insertable=true, updatable=true, unique=false}
13:39:01 DEBUG PropertyBinder - MetadataSourceProcessor property speed with lazy=false
13:39:01 DEBUG AbstractPropertyHolder - Attempting to locate auto-apply AttributeConverter for property [by.epam.web.bean.Tarif:speed]
13:39:01 DEBUG SimpleValueBinder - building SimpleValue for speed
13:39:01 DEBUG PropertyBinder - Building property speed
13:39:01 DEBUG AnnotationBinder - Binding entity from annotated class: by.epam.web.bean.User
13:39:01 DEBUG Ejb3Column - Binding column: Ejb3DiscriminatorColumn{logicalColumnName'DTYPE', discriminatorTypeName='string'}
13:39:01 DEBUG EntityBinder - Import with entity name User
13:39:01 DEBUG EntityBinder - Bind entity by.epam.web.bean.User on table user
13:39:01 DEBUG Ejb3Column - Binding column: Ejb3Column{table=org.hibernate.mapping.Table(user), mappingColumn=id, insertable=true, updatable=true, unique=false}
13:39:01 DEBUG PropertyBinder - MetadataSourceProcessor property id with lazy=false
13:39:01 DEBUG AbstractPropertyHolder - Attempting to locate auto-apply AttributeConverter for property [by.epam.web.bean.User:id]
13:39:01 DEBUG SimpleValueBinder - building SimpleValue for id
13:39:01 DEBUG PropertyBinder - Building property id
13:39:01 DEBUG BinderHelper - #makeIdGenerator(org.hibernate.mapping.SimpleValue([org.hibernate.mapping.Column(id)]), id, identity, , ...)
13:39:01 DEBUG Ejb3Column - Binding column: Ejb3Column{table=org.hibernate.mapping.Table(user), mappingColumn=active, insertable=true, updatable=true, unique=false}
13:39:01 DEBUG PropertyBinder - MetadataSourceProcessor property active with lazy=false
13:39:01 DEBUG AbstractPropertyHolder - Attempting to locate auto-apply AttributeConverter for property [by.epam.web.bean.User:active]
13:39:01 DEBUG SimpleValueBinder - building SimpleValue for active
13:39:01 DEBUG PropertyBinder - Building property active
13:39:01 DEBUG Ejb3Column - Binding column: Ejb3Column{table=org.hibernate.mapping.Table(user), mappingColumn=balance, insertable=true, updatable=true, unique=false}
13:39:01 DEBUG PropertyBinder - MetadataSourceProcessor property balance with lazy=false
13:39:01 DEBUG AbstractPropertyHolder - Attempting to locate auto-apply AttributeConverter for property [by.epam.web.bean.User:balance]
13:39:01 DEBUG SimpleValueBinder - building SimpleValue for balance
13:39:01 DEBUG PropertyBinder - Building property balance
13:39:01 DEBUG Ejb3Column - Binding column: Ejb3Column{table=org.hibernate.mapping.Table(user), mappingColumn=email, insertable=true, updatable=true, unique=false}
13:39:01 DEBUG PropertyBinder - MetadataSourceProcessor property email with lazy=false
13:39:01 DEBUG AbstractPropertyHolder - Attempting to locate auto-apply AttributeConverter for property [by.epam.web.bean.User:email]
13:39:01 DEBUG SimpleValueBinder - building SimpleValue for email
13:39:01 DEBUG PropertyBinder - Building property email
13:39:01 DEBUG Ejb3Column - Binding column: Ejb3Column{table=org.hibernate.mapping.Table(user), mappingColumn=login, insertable=true, updatable=true, unique=false}
13:39:01 DEBUG PropertyBinder - MetadataSourceProcessor property login with lazy=false
13:39:01 DEBUG AbstractPropertyHolder - Attempting to locate auto-apply AttributeConverter for property [by.epam.web.bean.User:login]
13:39:01 DEBUG SimpleValueBinder - building SimpleValue for login
13:39:01 DEBUG PropertyBinder - Building property login
13:39:01 DEBUG Ejb3Column - Binding column: Ejb3Column{table=org.hibernate.mapping.Table(user), mappingColumn=name, insertable=true, updatable=true, unique=false}
13:39:01 DEBUG PropertyBinder - MetadataSourceProcessor property name with lazy=false
13:39:01 DEBUG AbstractPropertyHolder - Attempting to locate auto-apply AttributeConverter for property [by.epam.web.bean.User:name]
13:39:01 DEBUG SimpleValueBinder - building SimpleValue for name
13:39:01 DEBUG PropertyBinder - Building property name
13:39:01 DEBUG Ejb3Column - Binding column: Ejb3JoinColumn{logicalColumnName='null', referencedColumn='null', mappedBy='user'}
13:39:01 DEBUG Ejb3Column - Binding column: Ejb3Column{table=org.hibernate.mapping.Table(user), mappingColumn=notes, insertable=true, updatable=true, unique=false}
13:39:01 DEBUG Ejb3Column - Binding column: Ejb3Column{table=org.hibernate.mapping.Table(user), mappingColumn=null, insertable=true, updatable=true, unique=false}
13:39:01 DEBUG Ejb3Column - Binding column: Ejb3Column{table=org.hibernate.mapping.Table(user), mappingColumn=element, insertable=true, updatable=true, unique=false}
13:39:01 DEBUG Ejb3Column - Binding column: Ejb3Column{table=org.hibernate.mapping.Table(user), mappingColumn=notes_KEY, insertable=true, updatable=true, unique=false}
13:39:01 DEBUG Ejb3Column - Binding column: Ejb3JoinColumn{logicalColumnName='notes_KEY', referencedColumn='null', mappedBy='null'}
13:39:01 DEBUG Ejb3Column - Binding column: Ejb3JoinColumn{logicalColumnName='null', referencedColumn='null', mappedBy='user'}
13:39:01 DEBUG Ejb3Column - Binding column: Ejb3JoinColumn{logicalColumnName='null', referencedColumn='null', mappedBy='user'}
13:39:01 DEBUG CollectionBinder - Collection role: by.epam.web.bean.User.notes
13:39:01 DEBUG PropertyBinder - Building property notes
13:39:01 DEBUG Ejb3Column - Binding column: Ejb3Column{table=org.hibernate.mapping.Table(user), mappingColumn=password, insertable=true, updatable=true, unique=false}
13:39:01 DEBUG PropertyBinder - MetadataSourceProcessor property password with lazy=false
13:39:01 DEBUG AbstractPropertyHolder - Attempting to locate auto-apply AttributeConverter for property [by.epam.web.bean.User:password]
13:39:01 DEBUG SimpleValueBinder - building SimpleValue for password
13:39:01 DEBUG PropertyBinder - Building property password
13:39:01 DEBUG Ejb3Column - Binding column: Ejb3Column{table=org.hibernate.mapping.Table(user), mappingColumn=phone, insertable=true, updatable=true, unique=false}
13:39:01 DEBUG PropertyBinder - MetadataSourceProcessor property phone with lazy=false
13:39:01 DEBUG AbstractPropertyHolder - Attempting to locate auto-apply AttributeConverter for property [by.epam.web.bean.User:phone]
13:39:01 DEBUG SimpleValueBinder - building SimpleValue for phone
13:39:01 DEBUG PropertyBinder - Building property phone
13:39:01 DEBUG Ejb3Column - Binding column: Ejb3Column{table=org.hibernate.mapping.Table(user), mappingColumn=role, insertable=true, updatable=true, unique=false}
13:39:01 DEBUG PropertyBinder - MetadataSourceProcessor property role with lazy=false
13:39:01 DEBUG AbstractPropertyHolder - Attempting to locate auto-apply AttributeConverter for property [by.epam.web.bean.User:role]
13:39:01 DEBUG SimpleValueBinder - building SimpleValue for role
13:39:01 DEBUG PropertyBinder - Building property role
13:39:01 DEBUG Ejb3Column - Binding column: Ejb3Column{table=org.hibernate.mapping.Table(user), mappingColumn=surname, insertable=true, updatable=true, unique=false}
13:39:01 DEBUG PropertyBinder - MetadataSourceProcessor property surname with lazy=false
13:39:01 DEBUG AbstractPropertyHolder - Attempting to locate auto-apply AttributeConverter for property [by.epam.web.bean.User:surname]
13:39:01 DEBUG SimpleValueBinder - building SimpleValue for surname
13:39:01 DEBUG PropertyBinder - Building property surname
13:39:01 DEBUG Ejb3Column - Binding column: Ejb3Column{table=org.hibernate.mapping.Table(user), mappingColumn=create_time, insertable=true, updatable=true, unique=false}
13:39:01 DEBUG PropertyBinder - MetadataSourceProcessor property time with lazy=false
13:39:01 DEBUG AbstractPropertyHolder - Attempting to locate auto-apply AttributeConverter for property [by.epam.web.bean.User:time]
13:39:01 DEBUG SimpleValueBinder - building SimpleValue for time
13:39:01 DEBUG PropertyBinder - Building property time
13:39:01 DEBUG AnnotationBinder - Binding entity from annotated class: by.epam.web.bean.Note
13:39:01 DEBUG Ejb3Column - Binding column: Ejb3DiscriminatorColumn{logicalColumnName'DTYPE', discriminatorTypeName='string'}
13:39:01 DEBUG EntityBinder - Import with entity name Note
13:39:01 DEBUG EntityBinder - Bind entity by.epam.web.bean.Note on table tariff_note
13:39:01 DEBUG Ejb3Column - Binding column: Ejb3Column{table=org.hibernate.mapping.Table(tariff_note), mappingColumn=id, insertable=true, updatable=true, unique=false}
13:39:01 DEBUG PropertyBinder - MetadataSourceProcessor property id with lazy=false
13:39:01 DEBUG AbstractPropertyHolder - Attempting to locate auto-apply AttributeConverter for property [by.epam.web.bean.Note:id]
13:39:01 DEBUG SimpleValueBinder - building SimpleValue for id
13:39:01 DEBUG PropertyBinder - Building property id
13:39:01 DEBUG BinderHelper - #makeIdGenerator(org.hibernate.mapping.SimpleValue([org.hibernate.mapping.Column(id)]), id, identity, , ...)
13:39:01 DEBUG Ejb3Column - Binding column: Ejb3JoinColumn{logicalColumnName='tariff_id', referencedColumn='', mappedBy=''}
13:39:01 DEBUG Ejb3Column - Binding column: Ejb3Column{table=org.hibernate.mapping.Table(tariff_note), mappingColumn=tariff, insertable=true, updatable=true, unique=false}
13:39:01 DEBUG PropertyBinder - Building property tariff
13:39:01 DEBUG Ejb3Column - Binding column: Ejb3Column{table=org.hibernate.mapping.Table(tariff_note), mappingColumn=create_time, insertable=true, updatable=true, unique=false}
13:39:01 DEBUG PropertyBinder - MetadataSourceProcessor property time with lazy=false
13:39:01 DEBUG AbstractPropertyHolder - Attempting to locate auto-apply AttributeConverter for property [by.epam.web.bean.Note:time]
13:39:01 DEBUG SimpleValueBinder - building SimpleValue for time
13:39:01 DEBUG PropertyBinder - Building property time
13:39:01 DEBUG Ejb3Column - Binding column: Ejb3JoinColumn{logicalColumnName='user_id', referencedColumn='', mappedBy=''}
13:39:01 DEBUG Ejb3Column - Binding column: Ejb3Column{table=org.hibernate.mapping.Table(tariff_note), mappingColumn=user, insertable=true, updatable=true, unique=false}
13:39:01 DEBUG PropertyBinder - Building property user
13:39:01 DEBUG SimpleValueBinder - Starting fillSimpleValue for id
13:39:01 DEBUG SimpleValueBinder - Starting fillSimpleValue for description
13:39:01 DEBUG SimpleValueBinder - Starting fillSimpleValue for discount
13:39:01 DEBUG SimpleValueBinder - Starting fillSimpleValue for name
13:39:01 DEBUG SimpleValueBinder - Starting fillSimpleValue for price
13:39:01 DEBUG SimpleValueBinder - Starting fillSimpleValue for speed
13:39:01 DEBUG SimpleValueBinder - Starting fillSimpleValue for id
13:39:01 DEBUG SimpleValueBinder - Starting fillSimpleValue for active
13:39:01 DEBUG SimpleValueBinder - Starting fillSimpleValue for balance
13:39:01 DEBUG SimpleValueBinder - Starting fillSimpleValue for email
13:39:01 DEBUG SimpleValueBinder - Starting fillSimpleValue for login
13:39:01 DEBUG SimpleValueBinder - Starting fillSimpleValue for name
13:39:01 DEBUG SimpleValueBinder - Starting fillSimpleValue for password
13:39:01 DEBUG SimpleValueBinder - Starting fillSimpleValue for phone
13:39:01 DEBUG SimpleValueBinder - Starting fillSimpleValue for role
13:39:01 DEBUG SimpleValueBinder - Starting fillSimpleValue for surname
13:39:01 DEBUG SimpleValueBinder - Starting fillSimpleValue for time
13:39:01 DEBUG SimpleValueBinder - Starting fillSimpleValue for id
13:39:01 DEBUG SimpleValueBinder - Starting fillSimpleValue for time
13:39:01 DEBUG PrimaryKey - Forcing column [id] to be non-null as it is part of the primary key for table [tariff]
13:39:01 DEBUG PrimaryKey - Forcing column [id] to be non-null as it is part of the primary key for table [user]
13:39:01 DEBUG PrimaryKey - Forcing column [id] to be non-null as it is part of the primary key for table [tariff_note]
13:39:01 DEBUG CollectionSecondPass - Second pass for collection: by.epam.web.bean.User.notes
13:39:01 DEBUG CollectionBinder - Binding a OneToMany: by.epam.web.bean.User.notes through a foreign key
13:39:01 DEBUG CollectionBinder - Mapping collection: by.epam.web.bean.User.notes -> tariff_note
13:39:01 DEBUG TableBinder - Retrieving property by.epam.web.bean.Note.user
13:39:01 DEBUG CollectionSecondPass - Mapped collection key: user_id, one-to-many: by.epam.web.bean.Note
13:39:01 DEBUG InFlightMetadataCollectorImpl - Resolving reference to class: by.epam.web.bean.Tarif
13:39:01 DEBUG InFlightMetadataCollectorImpl - Resolving reference to class: by.epam.web.bean.User
13:39:01 DEBUG InFlightMetadataCollectorImpl - Resolving reference to class: by.epam.web.bean.Tarif
13:39:01 DEBUG InFlightMetadataCollectorImpl - Resolving reference to class: by.epam.web.bean.User
13:39:01 DEBUG EnumType - Using NAMED-based conversion for Enum by.epam.web.bean.Role
13:39:01 DEBUG SessionFactoryImpl - Building session factory
13:39:01 DEBUG Settings - SessionFactory name : null
13:39:01 DEBUG Settings - Automatic flush during beforeCompletion(): enabled
13:39:01 DEBUG Settings - Automatic session close at end of transaction: disabled
13:39:01 DEBUG Settings - Statistics: disabled
13:39:01 DEBUG Settings - Deleted entity synthetic identifier rollback: disabled
13:39:01 DEBUG Settings - Default entity-mode: pojo
13:39:01 DEBUG Settings - Check Nullability in Core (should be disabled when Bean Validation is on): enabled
13:39:01 DEBUG Settings - Allow initialization of lazy state outside session : disabled
13:39:01 DEBUG Settings - Using BatchFetchStyle : LEGACY
13:39:01 DEBUG Settings - Default batch fetch size: -1
13:39:01 DEBUG Settings - Maximum outer join fetch depth: 2
13:39:01 DEBUG Settings - Default null ordering: NONE
13:39:01 DEBUG Settings - Order SQL updates by primary key: disabled
13:39:01 DEBUG Settings - Order SQL inserts for batching: disabled
13:39:01 DEBUG Settings - multi-tenancy strategy : NONE
13:39:01 DEBUG Settings - JTA Track by Thread: enabled
13:39:01 DEBUG Settings - Query language substitutions: {}
13:39:01 DEBUG Settings - Named query checking : enabled
13:39:01 DEBUG Settings - Second-level cache: disabled
13:39:01 DEBUG Settings - Second-level query cache: disabled
13:39:01 DEBUG Settings - Second-level query cache factory: null
13:39:01 DEBUG Settings - Second-level cache region prefix: null
13:39:01 DEBUG Settings - Optimize second-level cache for minimal puts: disabled
13:39:01 DEBUG Settings - Structured second-level cache entries: disabled
13:39:01 DEBUG Settings - Second-level cache direct-reference entries: disabled
13:39:01 DEBUG Settings - Automatic eviction of collection cache: disabled
13:39:01 DEBUG Settings - JDBC batch size: 15
13:39:01 DEBUG Settings - JDBC batch updates for versioned data: enabled
13:39:01 DEBUG Settings - Scrollable result sets: enabled
13:39:01 DEBUG Settings - Wrap result sets: disabled
13:39:01 DEBUG Settings - JDBC3 getGeneratedKeys(): enabled
13:39:01 DEBUG Settings - JDBC result set fetch size: null
13:39:01 DEBUG Settings - Connection release mode: AFTER_TRANSACTION
13:39:01 DEBUG Settings - Generate SQL with comments: disabled
13:39:01 DEBUG Settings - JPA compliance - query : disabled
13:39:01 DEBUG Settings - JPA compliance - closed-handling : disabled
13:39:01 DEBUG Settings - JPA compliance - lists : disabled
13:39:01 DEBUG Settings - JPA compliance - transactions : disabled
13:39:01 DEBUG EnumType - Using NAMED-based conversion for Enum by.epam.web.bean.Role
13:39:01 DEBUG SessionFactoryImpl - Session factory constructed with filter configurations : {}
13:39:01 DEBUG SessionFactoryImpl - Instantiating session factory with properties: {sun.desktop=windows, awt.toolkit=sun.awt.windows.WToolkit, java.specification.version=1.8, file.encoding.pkg=sun.io, sun.cpu.isalist=amd64, sun.jnu.encoding=Cp1251, hibernate.dialect=org.hibernate.dialect.MySQLDialect, java.class.path=D:\Program Files\Java\jdk1.8.0_221\jre\lib\charsets.jar;D:\Program Files\Java\jdk1.8.0_221\jre\lib\deploy.jar;D:\Program Files\Java\jdk1.8.0_221\jre\lib\ext\access-bridge-64.jar;D:\Program Files\Java\jdk1.8.0_221\jre\lib\ext\cldrdata.jar;D:\Program Files\Java\jdk1.8.0_221\jre\lib\ext\dnsns.jar;D:\Program Files\Java\jdk1.8.0_221\jre\lib\ext\jaccess.jar;D:\Program Files\Java\jdk1.8.0_221\jre\lib\ext\jfxrt.jar;D:\Program Files\Java\jdk1.8.0_221\jre\lib\ext\localedata.jar;D:\Program Files\Java\jdk1.8.0_221\jre\lib\ext\nashorn.jar;D:\Program Files\Java\jdk1.8.0_221\jre\lib\ext\sunec.jar;D:\Program Files\Java\jdk1.8.0_221\jre\lib\ext\sunjce_provider.jar;D:\Program Files\Java\jdk1.8.0_221\jre\lib\ext\sunmscapi.jar;D:\Program Files\Java\jdk1.8.0_221\jre\lib\ext\sunpkcs11.jar;D:\Program Files\Java\jdk1.8.0_221\jre\lib\ext\zipfs.jar;D:\Program Files\Java\jdk1.8.0_221\jre\lib\javaws.jar;D:\Program Files\Java\jdk1.8.0_221\jre\lib\jce.jar;D:\Program Files\Java\jdk1.8.0_221\jre\lib\jfr.jar;D:\Program Files\Java\jdk1.8.0_221\jre\lib\jfxswt.jar;D:\Program Files\Java\jdk1.8.0_221\jre\lib\jsse.jar;D:\Program Files\Java\jdk1.8.0_221\jre\lib\management-agent.jar;D:\Program Files\Java\jdk1.8.0_221\jre\lib\plugin.jar;D:\Program Files\Java\jdk1.8.0_221\jre\lib\resources.jar;D:\Program Files\Java\jdk1.8.0_221\jre\lib\rt.jar;D:\Users\User\IdeaProjects\FinalHibernate\target\classes;C:\Users\User\.m2\repository\org\mindrot\jbcrypt\0.4\jbcrypt-0.4.jar;C:\Users\User\.m2\repository\org\webjars\bootstrap\3.3.7\bootstrap-3.3.7.jar;C:\Users\User\.m2\repository\org\webjars\jquery\1.11.1\jquery-1.11.1.jar;C:\Users\User\.m2\repository\org\webjars\webjars-locator\0.32\webjars-locator-0.32.jar;C:\Users\User\.m2\repository\org\webjars\webjars-locator-core\0.30\webjars-locator-core-0.30.jar;C:\Users\User\.m2\repository\org\apache\commons\commons-lang3\3.1\commons-lang3-3.1.jar;C:\Users\User\.m2\repository\com\fasterxml\jackson\core\jackson-databind\2.3.3\jackson-databind-2.3.3.jar;C:\Users\User\.m2\repository\com\fasterxml\jackson\core\jackson-annotations\2.3.0\jackson-annotations-2.3.0.jar;C:\Users\User\.m2\repository\com\fasterxml\jackson\core\jackson-core\2.3.3\jackson-core-2.3.3.jar;C:\Users\User\.m2\repository\javax\servlet\jsp\jstl\jstl-api\1.2\jstl-api-1.2.jar;C:\Users\User\.m2\repository\javax\servlet\servlet-api\2.5\servlet-api-2.5.jar;C:\Users\User\.m2\repository\javax\servlet\jsp\jsp-api\2.1\jsp-api-2.1.jar;C:\Users\User\.m2\repository\org\apache\tomcat\maven\tomcat7-maven-plugin\2.2\tomcat7-maven-plugin-2.2.jar;C:\Users\User\.m2\repository\org\apache\tomcat\embed\tomcat-embed-core\7.0.47\tomcat-embed-core-7.0.47.jar;C:\Users\User\.m2\repository\org\apache\tomcat\tomcat-util\7.0.47\tomcat-util-7.0.47.jar;C:\Users\User\.m2\repository\org\apache\tomcat\tomcat-coyote\7.0.47\tomcat-coyote-7.0.47.jar;C:\Users\User\.m2\repository\org\apache\tomcat\tomcat-api\7.0.47\tomcat-api-7.0.47.jar;C:\Users\User\.m2\repository\org\apache\tomcat\tomcat-jdbc\7.0.47\tomcat-jdbc-7.0.47.jar;C:\Users\User\.m2\repository\org\apache\tomcat\tomcat-dbcp\7.0.47\tomcat-dbcp-7.0.47.jar;C:\Users\User\.m2\repository\org\apache\tomcat\tomcat-servlet-api\7.0.47\tomcat-servlet-api-7.0.47.jar;C:\Users\User\.m2\repository\org\apache\tomcat\tomcat-jsp-api\7.0.47\tomcat-jsp-api-7.0.47.jar;C:\Users\User\.m2\repository\org\apache\tomcat\tomcat-jasper\7.0.47\tomcat-jasper-7.0.47.jar;C:\Users\User\.m2\repository\org\apache\tomcat\tomcat-jasper-el\7.0.47\tomcat-jasper-el-7.0.47.jar;C:\Users\User\.m2\repository\org\apache\tomcat\tomcat-el-api\7.0.47\tomcat-el-api-7.0.47.jar;C:\Users\User\.m2\repository\org\apache\tomcat\tomcat-tribes\7.0.47\tomcat-tribes-7.0.47.jar;C:\Users\User\.m2\repository\org\apache\tomcat\tomcat-catalina-ha\7.0.47\tomcat-catalina-ha-7.0.47.jar;C:\Users\User\.m2\repository\org\apache\tomcat\tomcat-annotations-api\7.0.47\tomcat-annotations-api-7.0.47.jar;C:\Users\User\.m2\repository\org\apache\tomcat\tomcat-juli\7.0.47\tomcat-juli-7.0.47.jar;C:\Users\User\.m2\repository\org\apache\tomcat\embed\tomcat-embed-logging-juli\7.0.47\tomcat-embed-logging-juli-7.0.47.jar;C:\Users\User\.m2\repository\org\apache\tomcat\embed\tomcat-embed-logging-log4j\7.0.47\tomcat-embed-logging-log4j-7.0.47.jar;C:\Users\User\.m2\repository\org\eclipse\jdt\core\compiler\ecj\4.2.2\ecj-4.2.2.jar;C:\Users\User\.m2\repository\org\apache\tomcat\maven\common-tomcat-maven-plugin\2.2\common-tomcat-maven-plugin-2.2.jar;C:\Users\User\.m2\repository\org\apache\maven\maven-project\2.2.1\maven-project-2.2.1.jar;C:\Users\User\.m2\repository\org\apache\maven\maven-profile\2.2.1\maven-profile-2.2.1.jar;C:\Users\User\.m2\repository\org\apache\maven\maven-artifact-manager\2.2.1\maven-artifact-manager-2.2.1.jar;C:\Users\User\.m2\repository\backport-util-concurrent\backport-util-concurrent\3.1\backport-util-concurrent-3.1.jar;C:\Users\User\.m2\repository\org\apache\maven\maven-plugin-registry\2.2.1\maven-plugin-registry-2.2.1.jar;C:\Users\User\.m2\repository\com\google\guava\guava\10.0.1\guava-10.0.1.jar;C:\Users\User\.m2\repository\com\google\code\findbugs\jsr305\1.3.9\jsr305-1.3.9.jar;C:\Users\User\.m2\repository\org\apache\httpcomponents\httpclient\4.3.1\httpclient-4.3.1.jar;C:\Users\User\.m2\repository\org\apache\httpcomponents\httpcore\4.3\httpcore-4.3.jar;C:\Users\User\.m2\repository\org\codehaus\plexus\plexus-component-annotations\1.5.5\plexus-component-annotations-1.5.5.jar;C:\Users\User\.m2\repository\commons-codec\commons-codec\1.6\commons-codec-1.6.jar;C:\Users\User\.m2\repository\org\apache\tomcat\maven\tomcat7-war-runner\2.2\tomcat7-war-runner-2.2.jar;C:\Users\User\.m2\repository\commons-cli\commons-cli\1.2\commons-cli-1.2.jar;C:\Users\User\.m2\repository\org\apache\maven\maven-plugin-api\2.2.1\maven-plugin-api-2.2.1.jar;C:\Users\User\.m2\repository\org\apache\maven\maven-archiver\2.4.2\maven-archiver-2.4.2.jar;C:\Users\User\.m2\repository\org\apache\maven\maven-artifact\2.0.6\maven-artifact-2.0.6.jar;C:\Users\User\.m2\repository\org\apache\maven\maven-model\2.0.6\maven-model-2.0.6.jar;C:\Users\User\.m2\repository\org\codehaus\plexus\plexus-interpolation\1.13\plexus-interpolation-1.13.jar;C:\Users\User\.m2\repository\org\codehaus\plexus\plexus-classworlds\2.2.2\plexus-classworlds-2.2.2.jar;C:\Users\User\.m2\repository\commons-io\commons-io\2.2\commons-io-2.2.jar;C:\Users\User\.m2\repository\commons-lang\commons-lang\2.6\commons-lang-2.6.jar;C:\Users\User\.m2\repository\org\apache\commons\commons-compress\1.4.1\commons-compress-1.4.1.jar;C:\Users\User\.m2\repository\org\tukaani\xz\1.0\xz-1.0.jar;C:\Users\User\.m2\repository\org\codehaus\plexus\plexus-archiver\2.1.1\plexus-archiver-2.1.1.jar;C:\Users\User\.m2\repository\org\codehaus\plexus\plexus-container-default\1.0-alpha-9-stable-1\plexus-container-default-1.0-alpha-9-stable-1.jar;C:\Users\User\.m2\repository\classworlds\classworlds\1.1-alpha-2\classworlds-1.1-alpha-2.jar;C:\Users\User\.m2\repository\org\codehaus\plexus\plexus-io\2.0.3\plexus-io-2.0.3.jar;C:\Users\User\.m2\repository\org\codehaus\plexus\plexus-utils\3.0.15\plexus-utils-3.0.15.jar;C:\Users\User\.m2\repository\org\apache\maven\shared\maven-filtering\1.0\maven-filtering-1.0.jar;C:\Users\User\.m2\repository\org\apache\maven\maven-core\2.0.6\maven-core-2.0.6.jar;C:\Users\User\.m2\repository\org\apache\maven\wagon\wagon-file\1.0-beta-2\wagon-file-1.0-beta-2.jar;C:\Users\User\.m2\repository\org\apache\maven\maven-plugin-parameter-documenter\2.0.6\maven-plugin-parameter-documenter-2.0.6.jar;C:\Users\User\.m2\repository\org\apache\maven\wagon\wagon-http-lightweight\1.0-beta-2\wagon-http-lightweight-1.0-beta-2.jar;C:\Users\User\.m2\repository\org\apache\maven\wagon\wagon-http-shared\1.0-beta-2\wagon-http-shared-1.0-beta-2.jar;C:\Users\User\.m2\repository\jtidy\jtidy\4aug2000r7-dev\jtidy-4aug2000r7-dev.jar;C:\Users\User\.m2\repository\xml-apis\xml-apis\1.0.b2\xml-apis-1.0.b2.jar;C:\Users\User\.m2\repository\org\apache\maven\reporting\maven-reporting-api\2.0.6\maven-reporting-api-2.0.6.jar;C:\Users\User\.m2\repository\org\apache\maven\doxia\doxia-sink-api\1.0-alpha-7\doxia-sink-api-1.0-alpha-7.jar;C:\Users\User\.m2\repository\org\apache\maven\wagon\wagon-provider-api\1.0-beta-2\wagon-provider-api-1.0-beta-2.jar;C:\Users\User\.m2\repository\org\apache\maven\maven-repository-metadata\2.0.6\maven-repository-metadata-2.0.6.jar;C:\Users\User\.m2\repository\org\apache\maven\maven-error-diagnostics\2.0.6\maven-error-diagnostics-2.0.6.jar;C:\Users\User\.m2\repository\org\apache\maven\wagon\wagon-ssh-external\1.0-beta-2\wagon-ssh-external-1.0-beta-2.jar;C:\Users\User\.m2\repository\org\apache\maven\wagon\wagon-ssh-common\1.0-beta-2\wagon-ssh-common-1.0-beta-2.jar;C:\Users\User\.m2\repository\org\apache\maven\maven-plugin-descriptor\2.0.6\maven-plugin-descriptor-2.0.6.jar;C:\Users\User\.m2\repository\org\codehaus\plexus\plexus-interactivity-api\1.0-alpha-4\plexus-interactivity-api-1.0-alpha-4.jar;C:\Users\User\.m2\repository\org\apache\maven\wagon\wagon-ssh\1.0-beta-2\wagon-ssh-1.0-beta-2.jar;C:\Users\User\.m2\repository\com\jcraft\jsch\0.1.27\jsch-0.1.27.jar;C:\Users\User\.m2\repository\org\apache\maven\maven-monitor\2.0.6\maven-monitor-2.0.6.jar;C:\Users\User\.m2\repository\org\apache\maven\maven-settings\2.0.6\maven-settings-2.0.6.jar;C:\Users\User\.m2\repository\org\sonatype\plexus\plexus-build-api\0.0.4\plexus-build-api-0.0.4.jar;C:\Users\User\.m2\repository\org\slf4j\jcl-over-slf4j\1.7.5\jcl-over-slf4j-1.7.5.jar;C:\Users\User\.m2\repository\org\apache\maven\plugins\maven-surefire-plugin\3.0.0-M4\maven-surefire-plugin-3.0.0-M4.jar;C:\Users\User\.m2\repository\org\apache\maven\surefire\maven-surefire-common\3.0.0-M4\maven-surefire-common-3.0.0-M4.jar;C:\Users\User\.m2\repository\org\apache\maven\surefire\surefire-api\3.0.0-M4\surefire-api-3.0.0-M4.jar;C:\Users\User\.m2\repository\org\apache\maven\surefire\surefire-logger-api\3.0.0-M4\surefire-logger-api-3.0.0-M4.jar;C:\Users\User\.m2\repository\org\apache\maven\surefire\surefire-extensions-api\3.0.0-M4\surefire-extensions-api-3.0.0-M4.jar;C:\Users\User\.m2\repository\org\apache\maven\surefire\surefire-booter\3.0.0-M4\surefire-booter-3.0.0-M4.jar;C:\Users\User\.m2\repository\org\apache\maven\maven-toolchain\3.0-alpha-2\maven-toolchain-3.0-alpha-2.jar;C:\Users\User\.m2\repository\org\apache\maven\shared\maven-artifact-transfer\0.11.0\maven-artifact-transfer-0.11.0.jar;C:\Users\User\.m2\repository\org\apache\maven\shared\maven-common-artifact-filters\3.0.1\maven-common-artifact-filters-3.0.1.jar;C:\Users\User\.m2\repository\org\sonatype\sisu\sisu-inject-plexus\1.4.2\sisu-inject-plexus-1.4.2.jar;C:\Users\User\.m2\repository\org\sonatype\sisu\sisu-inject-bean\1.4.2\sisu-inject-bean-1.4.2.jar;C:\Users\User\.m2\repository\org\sonatype\sisu\sisu-guice\2.1.7\sisu-guice-2.1.7-noaop.jar;C:\Users\User\.m2\repository\org\apache\maven\shared\maven-shared-utils\3.1.0\maven-shared-utils-3.1.0.jar;C:\Users\User\.m2\repository\org\codehaus\plexus\plexus-java\1.0.3\plexus-java-1.0.3.jar;C:\Users\User\.m2\repository\org\ow2\asm\asm\7.0\asm-7.0.jar;C:\Users\User\.m2\repository\com\thoughtworks\qdox\qdox\2.0-M9\qdox-2.0-M9.jar;C:\Users\User\.m2\repository\org\apache\logging\log4j\log4j-api\2.13.0\log4j-api-2.13.0.jar;C:\Users\User\.m2\repository\org\apache\logging\log4j\log4j-core\2.13.0\log4j-core-2.13.0.jar;C:\Users\User\.m2\repository\mysql\mysql-connector-java\5.1.48\mysql-connector-java-5.1.48.jar;C:\Users\User\.m2\repository\jstl\jstl\1.2\jstl-1.2.jar;C:\Users\User\.m2\repository\org\apache\struts\struts-taglib\1.3.10\struts-taglib-1.3.10.jar;C:\Users\User\.m2\repository\org\apache\struts\struts-core\1.3.10\struts-core-1.3.10.jar;C:\Users\User\.m2\repository\commons-chain\commons-chain\1.2\commons-chain-1.2.jar;C:\Users\User\.m2\repository\commons-validator\commons-validator\1.3.1\commons-validator-1.3.1.jar;C:\Users\User\.m2\repository\oro\oro\2.0.8\oro-2.0.8.jar;C:\Users\User\.m2\repository\commons-digester\commons-digester\2.1\commons-digester-2.1.jar;C:\Users\User\.m2\repository\commons-beanutils\commons-beanutils\1.8.3\commons-beanutils-1.8.3.jar;C:\Users\User\.m2\repository\commons-logging\commons-logging\1.1.1\commons-logging-1.1.1.jar;C:\Users\User\.m2\repository\org\apache\tomcat\tomcat-catalina\9.0.30\tomcat-catalina-9.0.30.jar;C:\Users\User\.m2\repository\org\apache\tomcat\tomcat-jni\9.0.30\tomcat-jni-9.0.30.jar;C:\Users\User\.m2\repository\org\apache\tomcat\tomcat-util-scan\9.0.30\tomcat-util-scan-9.0.30.jar;C:\Users\User\.m2\repository\org\apache\tomcat\tomcat-jaspic-api\9.0.30\tomcat-jaspic-api-9.0.30.jar;C:\Users\User\.m2\repository\org\hibernate\hibernate-core\5.4.12.Final\hibernate-core-5.4.12.Final.jar;C:\Users\User\.m2\repository\org\jboss\logging\jboss-logging\3.3.2.Final\jboss-logging-3.3.2.Final.jar;C:\Users\User\.m2\repository\javax\persistence\javax.persistence-api\2.2\javax.persistence-api-2.2.jar;C:\Users\User\.m2\repository\org\javassist\javassist\3.24.0-GA\javassist-3.24.0-GA.jar;C:\Users\User\.m2\repository\net\bytebuddy\byte-buddy\1.10.7\byte-buddy-1.10.7.jar;C:\Users\User\.m2\repository\antlr\antlr\2.7.7\antlr-2.7.7.jar;C:\Users\User\.m2\repository\org\jboss\spec\javax\transaction\jboss-transaction-api_1.2_spec\1.1.1.Final\jboss-transaction-api_1.2_spec-1.1.1.Final.jar;C:\Users\User\.m2\repository\org\jboss\jandex\2.1.1.Final\jandex-2.1.1.Final.jar;C:\Users\User\.m2\repository\com\fasterxml\classmate\1.5.1\classmate-1.5.1.jar;C:\Users\User\.m2\repository\javax\activation\javax.activation-api\1.2.0\javax.activation-api-1.2.0.jar;C:\Users\User\.m2\repository\org\dom4j\dom4j\2.1.1\dom4j-2.1.1.jar;C:\Users\User\.m2\repository\org\hibernate\common\hibernate-commons-annotations\5.1.0.Final\hibernate-commons-annotations-5.1.0.Final.jar;C:\Users\User\.m2\repository\javax\xml\bind\jaxb-api\2.3.1\jaxb-api-2.3.1.jar;C:\Users\User\.m2\repository\org\glassfish\jaxb\jaxb-runtime\2.3.1\jaxb-runtime-2.3.1.jar;C:\Users\User\.m2\repository\org\glassfish\jaxb\txw2\2.3.1\txw2-2.3.1.jar;C:\Users\User\.m2\repository\com\sun\istack\istack-commons-runtime\3.0.7\istack-commons-runtime-3.0.7.jar;C:\Users\User\.m2\repository\org\jvnet\staxex\stax-ex\1.8\stax-ex-1.8.jar;C:\Users\User\.m2\repository\com\sun\xml\fastinfoset\FastInfoset\1.2.15\FastInfoset-1.2.15.jar;C:\Users\User\.m2\repository\org\slf4j\slf4j-api\1.7.30\slf4j-api-1.7.30.jar;C:\Users\User\.m2\repository\org\projectlombok\lombok\1.16.6\lombok-1.16.6.jar;D:\Program Files\JetBrains\IntelliJ IDEA 2019.2.4\lib\idea_rt.jar;C:\Users\User\.IntelliJIdea2019.2\system\captureAgent\debugger-agent.jar, java.vm.vendor=Oracle Corporation, sun.arch.data.model=64, user.variant=, java.vendor.url=http://java.oracle.com/, user.timezone=Europe/Minsk, javax.persistence.jdbc.url=jdbc:mysql://localhost:3306/hiber_telecom?serverTimezone=Europe/Minsk&useSSL=false&logger=com.mysql.jdbc.log.Slf4JLogger, javax.persistence.jdbc.user=****, user.country.format=BY, org.apache.logging.log4j.assignedSequences=8051, os.name=Windows 10, java.vm.specification.version=1.8, user.country=RU, sun.java.launcher=SUN_STANDARD, local.setting.IS_JTA_TXN_COORD=false, sun.boot.library.path=D:\Program Files\Java\jdk1.8.0_221\jre\bin, sun.java.command=by.epam.web.loader.BeanLoader, sun.cpu.endian=little, user.home=C:\Users\User, user.language=ru, java.specification.vendor=Oracle Corporation, java.home=D:\Program Files\Java\jdk1.8.0_221\jre, file.separator=\, line.separator=
, intellij.debug.agent=true, java.vm.specification.vendor=Oracle Corporation, java.specification.name=Java Platform API Specification, hibernate.transaction.coordinator_class=class org.hibernate.resource.transaction.backend.jdbc.internal.JdbcResourceLocalTransactionCoordinatorBuilderImpl, java.awt.graphicsenv=sun.awt.Win32GraphicsEnvironment, javax.persistence.jdbc.driver=com.mysql.jdbc.Driver, sun.boot.class.path=D:\Program Files\Java\jdk1.8.0_221\jre\lib\resources.jar;D:\Program Files\Java\jdk1.8.0_221\jre\lib\rt.jar;D:\Program Files\Java\jdk1.8.0_221\jre\lib\sunrsasign.jar;D:\Program Files\Java\jdk1.8.0_221\jre\lib\jsse.jar;D:\Program Files\Java\jdk1.8.0_221\jre\lib\jce.jar;D:\Program Files\Java\jdk1.8.0_221\jre\lib\charsets.jar;D:\Program Files\Java\jdk1.8.0_221\jre\lib\jfr.jar;D:\Program Files\Java\jdk1.8.0_221\jre\classes, hibernate.hbm2ddl.auto=validate, user.script=, sun.management.compiler=HotSpot 64-Bit Tiered Compilers, java.runtime.version=1.8.0_221-b11, user.name=User, path.separator=;, hibernate.connection.username=****, os.version=10.0, java.endorsed.dirs=D:\Program Files\Java\jdk1.8.0_221\jre\lib\endorsed, java.runtime.name=Java(TM) SE Runtime Environment, hibernate.connection.url=jdbc:mysql://localhost:3306/hiber_telecom?serverTimezone=Europe/Minsk&useSSL=false&logger=com.mysql.jdbc.log.Slf4JLogger, file.encoding=UTF-8, hibernate.ejb.persistenceUnitName=by.epam.web, java.vm.name=Java HotSpot(TM) 64-Bit Server VM, hibernate.show_sql=false, hibernate.connection.driver_class=com.mysql.jdbc.Driver, java.vendor.url.bug=http://bugreport.sun.com/bugreport/, java.io.tmpdir=C:\Users\User\AppData\Local\Temp\, jboss.modules.system.pkgs=com.intellij.rt, java.version=1.8.0_221, user.dir=D:\Users\User\IdeaProjects\FinalHibernate, os.arch=amd64, java.vm.specification.name=Java Virtual Machine Specification, java.awt.printerjob=sun.awt.windows.WPrinterJob, user.language.format=be, hibernate.connection.password=****, sun.os.patch.level=, hibernate.boot.CfgXmlAccessService.key=org.hibernate.boot.registry.StandardServiceRegistryBuilder$1@2370ac7a, java.library.path=D:\Program Files\Java\jdk1.8.0_221\bin;C:\WINDOWS\Sun\Java\bin;C:\WINDOWS\system32;C:\WINDOWS;C:\Program Files (x86)\Common Files\Oracle\Java\javapath;C:\WINDOWS\system32;C:\WINDOWS;C:\WINDOWS\System32\Wbem;C:\WINDOWS\System32\WindowsPowerShell\v1.0\;C:\WINDOWS\System32\OpenSSH\;D:\Program Files\Git\cmd;D:\Program Files\apache-maven-3.6.1-bin\apache-maven-3.6.1\bin;D:\Program Files\Java\jdk1.8.0_221\bin;;., java.vendor=Oracle Corporation, java.vm.info=mixed mode, java.vm.version=25.221-b11, hibernate.bytecode.use_reflection_optimizer=false, sun.io.unicode.encoding=UnicodeLittle, java.ext.dirs=D:\Program Files\Java\jdk1.8.0_221\jre\lib\ext;C:\WINDOWS\Sun\Java\lib\ext, javax.persistence.jdbc.password=****, java.class.version=52.0}
13:39:01 DEBUG JaccIntegrator - Skipping JACC integration as it was not enabled
13:39:01 DEBUG SessionFactoryImpl - Instantiated session factory
13:39:01 DEBUG TypeConfiguration$Scope - Scoping TypeConfiguration [org.hibernate.type.spi.TypeConfiguration@5c10285a] to SessionFactoryImpl [org.hibernate.internal.SessionFactoryImpl@79a04e5f]
13:39:02 DEBUG ClassLoaderAccessImpl - Not known whether passed class name [by.epam.web.bean.Tarif] is safe
13:39:02 DEBUG ClassLoaderAccessImpl - No temp ClassLoader provided; using live ClassLoader for loading potentially unsafe class : by.epam.web.bean.Tarif
13:39:02 DEBUG ClassLoaderAccessImpl - Not known whether passed class name [by.epam.web.bean.Tarif] is safe
13:39:02 DEBUG ClassLoaderAccessImpl - No temp ClassLoader provided; using live ClassLoader for loading potentially unsafe class : by.epam.web.bean.Tarif
13:39:02 DEBUG ClassLoaderAccessImpl - Not known whether passed class name [by.epam.web.bean.User] is safe
13:39:02 DEBUG ClassLoaderAccessImpl - No temp ClassLoader provided; using live ClassLoader for loading potentially unsafe class : by.epam.web.bean.User
13:39:02 DEBUG EnumType - Using NAMED-based conversion for Enum by.epam.web.bean.Role
13:39:02 DEBUG EnumType - Using NAMED-based conversion for Enum by.epam.web.bean.Role
13:39:02 DEBUG ClassLoaderAccessImpl - Not known whether passed class name [by.epam.web.bean.User] is safe
13:39:02 DEBUG ClassLoaderAccessImpl - No temp ClassLoader provided; using live ClassLoader for loading potentially unsafe class : by.epam.web.bean.User
13:39:02 DEBUG EnumType - Using NAMED-based conversion for Enum by.epam.web.bean.Role
13:39:02 DEBUG EnumType - Using NAMED-based conversion for Enum by.epam.web.bean.Role
13:39:02 DEBUG ClassLoaderAccessImpl - Not known whether passed class name [by.epam.web.bean.Note] is safe
13:39:02 DEBUG ClassLoaderAccessImpl - No temp ClassLoader provided; using live ClassLoader for loading potentially unsafe class : by.epam.web.bean.Note
13:39:02 DEBUG ClassLoaderAccessImpl - Not known whether passed class name [by.epam.web.bean.Note] is safe
13:39:02 DEBUG ClassLoaderAccessImpl - No temp ClassLoader provided; using live ClassLoader for loading potentially unsafe class : by.epam.web.bean.Note
13:39:02 DEBUG AbstractCollectionPersister - Static SQL for collection: by.epam.web.bean.User.notes
13:39:02 DEBUG AbstractCollectionPersister -  Row insert: update tariff_note set user_id=? where id=?
13:39:02 DEBUG AbstractCollectionPersister -  Row update: update tariff_note set  where id=?
13:39:02 DEBUG AbstractCollectionPersister -  Row delete: update tariff_note set user_id=null where user_id=? and id=?
13:39:02 DEBUG AbstractCollectionPersister -  One-shot delete: update tariff_note set user_id=null where user_id=?
13:39:02 DEBUG AbstractEntityPersister - Static SQL for entity: by.epam.web.bean.Tarif
13:39:02 DEBUG AbstractEntityPersister -  Version select: select id from tariff where id =?
13:39:02 DEBUG AbstractEntityPersister -  Snapshot select: select tarif_.id, tarif_.description as descript2_0_, tarif_.discount as discount3_0_, tarif_.name as name4_0_, tarif_.price as price5_0_, tarif_.speed as speed6_0_ from tariff tarif_ where tarif_.id=?
13:39:02 DEBUG AbstractEntityPersister -  Insert 0: insert into tariff (description, discount, name, price, speed, id) values (?, ?, ?, ?, ?, ?)
13:39:02 DEBUG AbstractEntityPersister -  Update 0: update tariff set description=?, discount=?, name=?, price=?, speed=? where id=?
13:39:02 DEBUG AbstractEntityPersister -  Delete 0: delete from tariff where id=?
13:39:02 DEBUG AbstractEntityPersister -  Identity insert: insert into tariff (description, discount, name, price, speed) values (?, ?, ?, ?, ?)
13:39:02 DEBUG QuerySpacesImpl - Adding QuerySpace : uid = <gen:0> -> org.hibernate.loader.plan.build.internal.spaces.EntityQuerySpaceImpl@53d2d002]
13:39:02 DEBUG MetamodelGraphWalker - Visiting attribute path : description
13:39:02 DEBUG MetamodelGraphWalker - Visiting attribute path : discount
13:39:02 DEBUG MetamodelGraphWalker - Visiting attribute path : name
13:39:02 DEBUG MetamodelGraphWalker - Visiting attribute path : price
13:39:02 DEBUG MetamodelGraphWalker - Visiting attribute path : speed
13:39:02 DEBUG FetchStyleLoadPlanBuildingAssociationVisitationStrategy - Building LoadPlan...
13:39:03 DEBUG LoadQueryJoinAndFetchProcessor - processing queryspace <gen:0>
13:39:03 DEBUG LoadPlanTreePrinter - LoadPlan(entity=by.epam.web.bean.Tarif)
    - Returns
       - EntityReturnImpl(entity=by.epam.web.bean.Tarif, querySpaceUid=<gen:0>, path=by.epam.web.bean.Tarif)
    - QuerySpaces
       - EntityQuerySpaceImpl(uid=<gen:0>, entity=by.epam.web.bean.Tarif)
          - SQL table alias mapping - tarif0_
          - alias suffix - 0_
          - suffixed key columns - {id1_0_0_}

13:39:03 DEBUG EntityLoader - Static select for entity by.epam.web.bean.Tarif [NONE]: select tarif0_.id as id1_0_0_, tarif0_.description as descript2_0_0_, tarif0_.discount as discount3_0_0_, tarif0_.name as name4_0_0_, tarif0_.price as price5_0_0_, tarif0_.speed as speed6_0_0_ from tariff tarif0_ where tarif0_.id=?
13:39:03 DEBUG QuerySpacesImpl - Adding QuerySpace : uid = <gen:0> -> org.hibernate.loader.plan.build.internal.spaces.EntityQuerySpaceImpl@420cd102]
13:39:03 DEBUG MetamodelGraphWalker - Visiting attribute path : description
13:39:03 DEBUG MetamodelGraphWalker - Visiting attribute path : discount
13:39:03 DEBUG MetamodelGraphWalker - Visiting attribute path : name
13:39:03 DEBUG MetamodelGraphWalker - Visiting attribute path : price
13:39:03 DEBUG MetamodelGraphWalker - Visiting attribute path : speed
13:39:03 DEBUG FetchStyleLoadPlanBuildingAssociationVisitationStrategy - Building LoadPlan...
13:39:03 DEBUG LoadQueryJoinAndFetchProcessor - processing queryspace <gen:0>
13:39:03 DEBUG LoadPlanTreePrinter - LoadPlan(entity=by.epam.web.bean.Tarif)
    - Returns
       - EntityReturnImpl(entity=by.epam.web.bean.Tarif, querySpaceUid=<gen:0>, path=by.epam.web.bean.Tarif)
    - QuerySpaces
       - EntityQuerySpaceImpl(uid=<gen:0>, entity=by.epam.web.bean.Tarif)
          - SQL table alias mapping - tarif0_
          - alias suffix - 0_
          - suffixed key columns - {id1_0_0_}

13:39:03 DEBUG EntityLoader - Static select for entity by.epam.web.bean.Tarif [READ]: select tarif0_.id as id1_0_0_, tarif0_.description as descript2_0_0_, tarif0_.discount as discount3_0_0_, tarif0_.name as name4_0_0_, tarif0_.price as price5_0_0_, tarif0_.speed as speed6_0_0_ from tariff tarif0_ where tarif0_.id=?
13:39:03 DEBUG Loader - Static select for action ACTION_MERGE on entity by.epam.web.bean.Tarif: select tarif0_.id as id1_0_0_, tarif0_.description as descript2_0_0_, tarif0_.discount as discount3_0_0_, tarif0_.name as name4_0_0_, tarif0_.price as price5_0_0_, tarif0_.speed as speed6_0_0_ from tariff tarif0_ where tarif0_.id=?
13:39:03 DEBUG Loader - Static select for action ACTION_REFRESH on entity by.epam.web.bean.Tarif: select tarif0_.id as id1_0_0_, tarif0_.description as descript2_0_0_, tarif0_.discount as discount3_0_0_, tarif0_.name as name4_0_0_, tarif0_.price as price5_0_0_, tarif0_.speed as speed6_0_0_ from tariff tarif0_ where tarif0_.id=?
13:39:03 DEBUG AbstractEntityPersister - Static SQL for entity: by.epam.web.bean.User
13:39:03 DEBUG AbstractEntityPersister -  Version select: select id from user where id =?
13:39:03 DEBUG AbstractEntityPersister -  Snapshot select: select user_.id, user_.active as active2_2_, user_.balance as balance3_2_, user_.email as email4_2_, user_.login as login5_2_, user_.name as name6_2_, user_.password as password7_2_, user_.phone as phone8_2_, user_.role as role9_2_, user_.surname as surname10_2_, user_.create_time as create_11_2_ from user user_ where user_.id=?
13:39:03 DEBUG AbstractEntityPersister -  Insert 0: insert into user (active, balance, email, login, name, password, phone, role, surname, create_time, id) values (?, ?, ?, ?, ?, ?, ?, ?, ?, ?, ?)
13:39:03 DEBUG AbstractEntityPersister -  Update 0: update user set active=?, balance=?, email=?, login=?, name=?, password=?, phone=?, role=?, surname=?, create_time=? where id=?
13:39:03 DEBUG AbstractEntityPersister -  Delete 0: delete from user where id=?
13:39:03 DEBUG AbstractEntityPersister -  Identity insert: insert into user (active, balance, email, login, name, password, phone, role, surname, create_time) values (?, ?, ?, ?, ?, ?, ?, ?, ?, ?)
13:39:03 DEBUG QuerySpacesImpl - Adding QuerySpace : uid = <gen:0> -> org.hibernate.loader.plan.build.internal.spaces.EntityQuerySpaceImpl@3f63a513]
13:39:03 DEBUG MetamodelGraphWalker - Visiting attribute path : active
13:39:03 DEBUG MetamodelGraphWalker - Visiting attribute path : balance
13:39:03 DEBUG MetamodelGraphWalker - Visiting attribute path : email
13:39:03 DEBUG MetamodelGraphWalker - Visiting attribute path : login
13:39:03 DEBUG MetamodelGraphWalker - Visiting attribute path : name
13:39:03 DEBUG MetamodelGraphWalker - Visiting attribute path : notes
13:39:03 DEBUG QuerySpacesImpl - Adding QuerySpace : uid = <gen:1> -> org.hibernate.loader.plan.build.internal.spaces.CollectionQuerySpaceImpl@5a515e5d]
13:39:03 DEBUG QuerySpacesImpl - Adding QuerySpace : uid = <gen:2> -> org.hibernate.loader.plan.build.internal.spaces.EntityQuerySpaceImpl@7061622]
13:39:03 DEBUG MetamodelGraphWalker - Visiting attribute path : password
13:39:03 DEBUG MetamodelGraphWalker - Visiting attribute path : phone
13:39:03 DEBUG MetamodelGraphWalker - Visiting attribute path : role
13:39:03 DEBUG MetamodelGraphWalker - Visiting attribute path : surname
13:39:03 DEBUG MetamodelGraphWalker - Visiting attribute path : time
13:39:03 DEBUG FetchStyleLoadPlanBuildingAssociationVisitationStrategy - Building LoadPlan...
13:39:03 DEBUG LoadQueryJoinAndFetchProcessor - processing queryspace <gen:0>
13:39:03 DEBUG LoadPlanTreePrinter - LoadPlan(entity=by.epam.web.bean.User)
    - Returns
       - EntityReturnImpl(entity=by.epam.web.bean.User, querySpaceUid=<gen:0>, path=by.epam.web.bean.User)
          - CollectionAttributeFetchImpl(collection=by.epam.web.bean.User.notes, querySpaceUid=<gen:1>, path=by.epam.web.bean.User.notes)
             - (collection element) CollectionFetchableElementEntityGraph(entity=by.epam.web.bean.Note, querySpaceUid=<gen:2>, path=by.epam.web.bean.User.notes.<elements>)
    - QuerySpaces
       - EntityQuerySpaceImpl(uid=<gen:0>, entity=by.epam.web.bean.User)
          - SQL table alias mapping - user0_
          - alias suffix - 0_
          - suffixed key columns - {id1_2_0_}

13:39:03 DEBUG EntityLoader - Static select for entity by.epam.web.bean.User [NONE]: select user0_.id as id1_2_0_, user0_.active as active2_2_0_, user0_.balance as balance3_2_0_, user0_.email as email4_2_0_, user0_.login as login5_2_0_, user0_.name as name6_2_0_, user0_.password as password7_2_0_, user0_.phone as phone8_2_0_, user0_.role as role9_2_0_, user0_.surname as surname10_2_0_, user0_.create_time as create_11_2_0_ from user user0_ where user0_.id=?
13:39:03 DEBUG QuerySpacesImpl - Adding QuerySpace : uid = <gen:0> -> org.hibernate.loader.plan.build.internal.spaces.EntityQuerySpaceImpl@51efb731]
13:39:03 DEBUG MetamodelGraphWalker - Visiting attribute path : active
13:39:03 DEBUG MetamodelGraphWalker - Visiting attribute path : balance
13:39:03 DEBUG MetamodelGraphWalker - Visiting attribute path : email
13:39:03 DEBUG MetamodelGraphWalker - Visiting attribute path : login
13:39:03 DEBUG MetamodelGraphWalker - Visiting attribute path : name
13:39:03 DEBUG MetamodelGraphWalker - Visiting attribute path : notes
13:39:03 DEBUG QuerySpacesImpl - Adding QuerySpace : uid = <gen:1> -> org.hibernate.loader.plan.build.internal.spaces.CollectionQuerySpaceImpl@45e6d1e0]
13:39:03 DEBUG QuerySpacesImpl - Adding QuerySpace : uid = <gen:2> -> org.hibernate.loader.plan.build.internal.spaces.EntityQuerySpaceImpl@61db86bf]
13:39:03 DEBUG MetamodelGraphWalker - Visiting attribute path : password
13:39:03 DEBUG MetamodelGraphWalker - Visiting attribute path : phone
13:39:03 DEBUG MetamodelGraphWalker - Visiting attribute path : role
13:39:03 DEBUG MetamodelGraphWalker - Visiting attribute path : surname
13:39:03 DEBUG MetamodelGraphWalker - Visiting attribute path : time
13:39:03 DEBUG FetchStyleLoadPlanBuildingAssociationVisitationStrategy - Building LoadPlan...
13:39:03 DEBUG LoadQueryJoinAndFetchProcessor - processing queryspace <gen:0>
13:39:03 DEBUG LoadPlanTreePrinter - LoadPlan(entity=by.epam.web.bean.User)
    - Returns
       - EntityReturnImpl(entity=by.epam.web.bean.User, querySpaceUid=<gen:0>, path=by.epam.web.bean.User)
          - CollectionAttributeFetchImpl(collection=by.epam.web.bean.User.notes, querySpaceUid=<gen:1>, path=by.epam.web.bean.User.notes)
             - (collection element) CollectionFetchableElementEntityGraph(entity=by.epam.web.bean.Note, querySpaceUid=<gen:2>, path=by.epam.web.bean.User.notes.<elements>)
    - QuerySpaces
       - EntityQuerySpaceImpl(uid=<gen:0>, entity=by.epam.web.bean.User)
          - SQL table alias mapping - user0_
          - alias suffix - 0_
          - suffixed key columns - {id1_2_0_}

13:39:03 DEBUG EntityLoader - Static select for entity by.epam.web.bean.User [READ]: select user0_.id as id1_2_0_, user0_.active as active2_2_0_, user0_.balance as balance3_2_0_, user0_.email as email4_2_0_, user0_.login as login5_2_0_, user0_.name as name6_2_0_, user0_.password as password7_2_0_, user0_.phone as phone8_2_0_, user0_.role as role9_2_0_, user0_.surname as surname10_2_0_, user0_.create_time as create_11_2_0_ from user user0_ where user0_.id=?
13:39:03 DEBUG Loader - Static select for action ACTION_MERGE on entity by.epam.web.bean.User: select user0_.id as id1_2_0_, user0_.active as active2_2_0_, user0_.balance as balance3_2_0_, user0_.email as email4_2_0_, user0_.login as login5_2_0_, user0_.name as name6_2_0_, user0_.password as password7_2_0_, user0_.phone as phone8_2_0_, user0_.role as role9_2_0_, user0_.surname as surname10_2_0_, user0_.create_time as create_11_2_0_ from user user0_ where user0_.id=?
13:39:03 DEBUG Loader - Static select for action ACTION_REFRESH on entity by.epam.web.bean.User: select user0_.id as id1_2_0_, user0_.active as active2_2_0_, user0_.balance as balance3_2_0_, user0_.email as email4_2_0_, user0_.login as login5_2_0_, user0_.name as name6_2_0_, user0_.password as password7_2_0_, user0_.phone as phone8_2_0_, user0_.role as role9_2_0_, user0_.surname as surname10_2_0_, user0_.create_time as create_11_2_0_ from user user0_ where user0_.id=?
13:39:03 DEBUG AbstractEntityPersister - Static SQL for entity: by.epam.web.bean.Note
13:39:03 DEBUG AbstractEntityPersister -  Version select: select id from tariff_note where id =?
13:39:03 DEBUG AbstractEntityPersister -  Snapshot select: select note_.id, note_.tariff_id as tariff_i3_1_, note_.create_time as create_t2_1_, note_.user_id as user_id4_1_ from tariff_note note_ where note_.id=?
13:39:03 DEBUG AbstractEntityPersister -  Insert 0: insert into tariff_note (tariff_id, create_time, user_id, id) values (?, ?, ?, ?)
13:39:03 DEBUG AbstractEntityPersister -  Update 0: update tariff_note set tariff_id=?, create_time=?, user_id=? where id=?
13:39:03 DEBUG AbstractEntityPersister -  Delete 0: delete from tariff_note where id=?
13:39:03 DEBUG AbstractEntityPersister -  Identity insert: insert into tariff_note (tariff_id, create_time, user_id) values (?, ?, ?)
13:39:03 DEBUG QuerySpacesImpl - Adding QuerySpace : uid = <gen:0> -> org.hibernate.loader.plan.build.internal.spaces.EntityQuerySpaceImpl@4da1f38a]
13:39:03 DEBUG MetamodelGraphWalker - Visiting attribute path : tariff
13:39:03 DEBUG QuerySpacesImpl - Adding QuerySpace : uid = <gen:1> -> org.hibernate.loader.plan.build.internal.spaces.EntityQuerySpaceImpl@4dadd690]
13:39:03 DEBUG MetamodelGraphWalker - Visiting attribute path : tariff.description
13:39:03 DEBUG MetamodelGraphWalker - Visiting attribute path : tariff.discount
13:39:03 DEBUG MetamodelGraphWalker - Visiting attribute path : tariff.name
13:39:03 DEBUG MetamodelGraphWalker - Visiting attribute path : tariff.price
13:39:03 DEBUG MetamodelGraphWalker - Visiting attribute path : tariff.speed
13:39:03 DEBUG MetamodelGraphWalker - Visiting attribute path : time
13:39:03 DEBUG MetamodelGraphWalker - Visiting attribute path : user
13:39:03 DEBUG QuerySpacesImpl - Adding QuerySpace : uid = <gen:2> -> org.hibernate.loader.plan.build.internal.spaces.EntityQuerySpaceImpl@494c8f29]
13:39:03 DEBUG MetamodelGraphWalker - Visiting attribute path : user.active
13:39:03 DEBUG MetamodelGraphWalker - Visiting attribute path : user.balance
13:39:03 DEBUG MetamodelGraphWalker - Visiting attribute path : user.email
13:39:03 DEBUG MetamodelGraphWalker - Visiting attribute path : user.login
13:39:03 DEBUG MetamodelGraphWalker - Visiting attribute path : user.name
13:39:03 DEBUG MetamodelGraphWalker - Visiting attribute path : user.notes
13:39:03 DEBUG MetamodelGraphWalker - Property path deemed to be circular : user.notes
13:39:03 DEBUG MetamodelGraphWalker - Visiting attribute path : user.password
13:39:03 DEBUG MetamodelGraphWalker - Visiting attribute path : user.phone
13:39:03 DEBUG MetamodelGraphWalker - Visiting attribute path : user.role
13:39:03 DEBUG MetamodelGraphWalker - Visiting attribute path : user.surname
13:39:03 DEBUG MetamodelGraphWalker - Visiting attribute path : user.time
13:39:03 DEBUG FetchStyleLoadPlanBuildingAssociationVisitationStrategy - Building LoadPlan...
13:39:03 DEBUG LoadQueryJoinAndFetchProcessor - processing queryspace <gen:0>
13:39:03 DEBUG LoadPlanTreePrinter - LoadPlan(entity=by.epam.web.bean.Note)
    - Returns
       - EntityReturnImpl(entity=by.epam.web.bean.Note, querySpaceUid=<gen:0>, path=by.epam.web.bean.Note)
          - EntityAttributeFetchImpl(entity=by.epam.web.bean.Tarif, querySpaceUid=<gen:1>, path=by.epam.web.bean.Note.tariff)
          - EntityAttributeFetchImpl(entity=by.epam.web.bean.User, querySpaceUid=<gen:2>, path=by.epam.web.bean.Note.user)
    - QuerySpaces
       - EntityQuerySpaceImpl(uid=<gen:0>, entity=by.epam.web.bean.Note)
          - SQL table alias mapping - note0_
          - alias suffix - 0_
          - suffixed key columns - {id1_1_0_}
          - JOIN (JoinDefinedByMetadata(tariff)) : <gen:0> -> <gen:1>
             - EntityQuerySpaceImpl(uid=<gen:1>, entity=by.epam.web.bean.Tarif)
                - SQL table alias mapping - tarif1_
                - alias suffix - 1_
                - suffixed key columns - {id1_0_1_}
          - JOIN (JoinDefinedByMetadata(user)) : <gen:0> -> <gen:2>
             - EntityQuerySpaceImpl(uid=<gen:2>, entity=by.epam.web.bean.User)
                - SQL table alias mapping - user2_
                - alias suffix - 2_
                - suffixed key columns - {id1_2_2_}

13:39:03 DEBUG EntityLoader - Static select for entity by.epam.web.bean.Note [NONE]: select note0_.id as id1_1_0_, note0_.tariff_id as tariff_i3_1_0_, note0_.create_time as create_t2_1_0_, note0_.user_id as user_id4_1_0_, tarif1_.id as id1_0_1_, tarif1_.description as descript2_0_1_, tarif1_.discount as discount3_0_1_, tarif1_.name as name4_0_1_, tarif1_.price as price5_0_1_, tarif1_.speed as speed6_0_1_, user2_.id as id1_2_2_, user2_.active as active2_2_2_, user2_.balance as balance3_2_2_, user2_.email as email4_2_2_, user2_.login as login5_2_2_, user2_.name as name6_2_2_, user2_.password as password7_2_2_, user2_.phone as phone8_2_2_, user2_.role as role9_2_2_, user2_.surname as surname10_2_2_, user2_.create_time as create_11_2_2_ from tariff_note note0_ left outer join tariff tarif1_ on note0_.tariff_id=tarif1_.id left outer join user user2_ on note0_.user_id=user2_.id where note0_.id=?
13:39:03 DEBUG QuerySpacesImpl - Adding QuerySpace : uid = <gen:0> -> org.hibernate.loader.plan.build.internal.spaces.EntityQuerySpaceImpl@1536ea40]
13:39:03 DEBUG MetamodelGraphWalker - Visiting attribute path : tariff
13:39:03 DEBUG QuerySpacesImpl - Adding QuerySpace : uid = <gen:1> -> org.hibernate.loader.plan.build.internal.spaces.EntityQuerySpaceImpl@7792d851]
13:39:03 DEBUG MetamodelGraphWalker - Visiting attribute path : tariff.description
13:39:03 DEBUG MetamodelGraphWalker - Visiting attribute path : tariff.discount
13:39:03 DEBUG MetamodelGraphWalker - Visiting attribute path : tariff.name
13:39:03 DEBUG MetamodelGraphWalker - Visiting attribute path : tariff.price
13:39:03 DEBUG MetamodelGraphWalker - Visiting attribute path : tariff.speed
13:39:03 DEBUG MetamodelGraphWalker - Visiting attribute path : time
13:39:03 DEBUG MetamodelGraphWalker - Visiting attribute path : user
13:39:03 DEBUG QuerySpacesImpl - Adding QuerySpace : uid = <gen:2> -> org.hibernate.loader.plan.build.internal.spaces.EntityQuerySpaceImpl@7e1ffe70]
13:39:03 DEBUG MetamodelGraphWalker - Visiting attribute path : user.active
13:39:03 DEBUG MetamodelGraphWalker - Visiting attribute path : user.balance
13:39:03 DEBUG MetamodelGraphWalker - Visiting attribute path : user.email
13:39:03 DEBUG MetamodelGraphWalker - Visiting attribute path : user.login
13:39:03 DEBUG MetamodelGraphWalker - Visiting attribute path : user.name
13:39:03 DEBUG MetamodelGraphWalker - Visiting attribute path : user.notes
13:39:03 DEBUG MetamodelGraphWalker - Property path deemed to be circular : user.notes
13:39:03 DEBUG MetamodelGraphWalker - Visiting attribute path : user.password
13:39:03 DEBUG MetamodelGraphWalker - Visiting attribute path : user.phone
13:39:03 DEBUG MetamodelGraphWalker - Visiting attribute path : user.role
13:39:03 DEBUG MetamodelGraphWalker - Visiting attribute path : user.surname
13:39:03 DEBUG MetamodelGraphWalker - Visiting attribute path : user.time
13:39:03 DEBUG FetchStyleLoadPlanBuildingAssociationVisitationStrategy - Building LoadPlan...
13:39:03 DEBUG LoadQueryJoinAndFetchProcessor - processing queryspace <gen:0>
13:39:03 DEBUG LoadPlanTreePrinter - LoadPlan(entity=by.epam.web.bean.Note)
    - Returns
       - EntityReturnImpl(entity=by.epam.web.bean.Note, querySpaceUid=<gen:0>, path=by.epam.web.bean.Note)
          - EntityAttributeFetchImpl(entity=by.epam.web.bean.Tarif, querySpaceUid=<gen:1>, path=by.epam.web.bean.Note.tariff)
          - EntityAttributeFetchImpl(entity=by.epam.web.bean.User, querySpaceUid=<gen:2>, path=by.epam.web.bean.Note.user)
    - QuerySpaces
       - EntityQuerySpaceImpl(uid=<gen:0>, entity=by.epam.web.bean.Note)
          - SQL table alias mapping - note0_
          - alias suffix - 0_
          - suffixed key columns - {id1_1_0_}
          - JOIN (JoinDefinedByMetadata(tariff)) : <gen:0> -> <gen:1>
             - EntityQuerySpaceImpl(uid=<gen:1>, entity=by.epam.web.bean.Tarif)
                - SQL table alias mapping - tarif1_
                - alias suffix - 1_
                - suffixed key columns - {id1_0_1_}
          - JOIN (JoinDefinedByMetadata(user)) : <gen:0> -> <gen:2>
             - EntityQuerySpaceImpl(uid=<gen:2>, entity=by.epam.web.bean.User)
                - SQL table alias mapping - user2_
                - alias suffix - 2_
                - suffixed key columns - {id1_2_2_}

13:39:03 DEBUG EntityLoader - Static select for entity by.epam.web.bean.Note [READ]: select note0_.id as id1_1_0_, note0_.tariff_id as tariff_i3_1_0_, note0_.create_time as create_t2_1_0_, note0_.user_id as user_id4_1_0_, tarif1_.id as id1_0_1_, tarif1_.description as descript2_0_1_, tarif1_.discount as discount3_0_1_, tarif1_.name as name4_0_1_, tarif1_.price as price5_0_1_, tarif1_.speed as speed6_0_1_, user2_.id as id1_2_2_, user2_.active as active2_2_2_, user2_.balance as balance3_2_2_, user2_.email as email4_2_2_, user2_.login as login5_2_2_, user2_.name as name6_2_2_, user2_.password as password7_2_2_, user2_.phone as phone8_2_2_, user2_.role as role9_2_2_, user2_.surname as surname10_2_2_, user2_.create_time as create_11_2_2_ from tariff_note note0_ left outer join tariff tarif1_ on note0_.tariff_id=tarif1_.id left outer join user user2_ on note0_.user_id=user2_.id where note0_.id=?
13:39:03 DEBUG Loader - Static select for action ACTION_MERGE on entity by.epam.web.bean.Note: select note0_.id as id1_1_0_, note0_.tariff_id as tariff_i3_1_0_, note0_.create_time as create_t2_1_0_, note0_.user_id as user_id4_1_0_ from tariff_note note0_ where note0_.id=?
13:39:03 DEBUG Loader - Static select for action ACTION_REFRESH on entity by.epam.web.bean.Note: select note0_.id as id1_1_0_, note0_.tariff_id as tariff_i3_1_0_, note0_.create_time as create_t2_1_0_, note0_.user_id as user_id4_1_0_ from tariff_note note0_ where note0_.id=?
13:39:03 DEBUG QuerySpacesImpl - Adding QuerySpace : uid = <gen:0> -> org.hibernate.loader.plan.build.internal.spaces.CollectionQuerySpaceImpl@40709f9]
13:39:03 DEBUG QuerySpacesImpl - Adding QuerySpace : uid = <gen:1> -> org.hibernate.loader.plan.build.internal.spaces.EntityQuerySpaceImpl@6b1b19cf]
13:39:03 DEBUG MetamodelGraphWalker - Visiting attribute path : tariff
13:39:03 DEBUG QuerySpacesImpl - Adding QuerySpace : uid = <gen:2> -> org.hibernate.loader.plan.build.internal.spaces.EntityQuerySpaceImpl@6ddee60f]
13:39:03 DEBUG MetamodelGraphWalker - Visiting attribute path : tariff.description
13:39:03 DEBUG MetamodelGraphWalker - Visiting attribute path : tariff.discount
13:39:03 DEBUG MetamodelGraphWalker - Visiting attribute path : tariff.name
13:39:03 DEBUG MetamodelGraphWalker - Visiting attribute path : tariff.price
13:39:03 DEBUG MetamodelGraphWalker - Visiting attribute path : tariff.speed
13:39:03 DEBUG MetamodelGraphWalker - Visiting attribute path : time
13:39:03 DEBUG MetamodelGraphWalker - Visiting attribute path : user
13:39:03 DEBUG MetamodelGraphWalker - Property path deemed to be circular : user
13:39:03 DEBUG FetchStyleLoadPlanBuildingAssociationVisitationStrategy - Building LoadPlan...
13:39:03 DEBUG LoadQueryJoinAndFetchProcessor - processing queryspace <gen:0>
13:39:03 DEBUG LoadPlanTreePrinter - LoadPlan(collection=by.epam.web.bean.User.notes)
    - Returns
       - CollectionReturnImpl(collection=by.epam.web.bean.User.notes, querySpaceUid=<gen:0>, path=[by.epam.web.bean.User.notes])
          - (collection element) CollectionFetchableElementEntityGraph(entity=by.epam.web.bean.Note, querySpaceUid=<gen:1>, path=[by.epam.web.bean.User.notes].<elements>)
             - EntityAttributeFetchImpl(entity=by.epam.web.bean.Tarif, querySpaceUid=<gen:2>, path=[by.epam.web.bean.User.notes].<elements>.tariff)
    - QuerySpaces
       - CollectionQuerySpaceImpl(uid=<gen:0>, collection=by.epam.web.bean.User.notes)
          - SQL table alias mapping - notes0_
          - alias suffix - 0_
          - suffixed key columns - {user_id4_1_0_}
          - entity-element alias suffix - 1_
          - 1_entity-element suffixed key columns - id1_1_1_
          - JOIN (JoinDefinedByMetadata(elements)) : <gen:0> -> <gen:1>
             - EntityQuerySpaceImpl(uid=<gen:1>, entity=by.epam.web.bean.Note)
                - SQL table alias mapping - notes0_
                - alias suffix - 1_
                - suffixed key columns - {id1_1_1_}
                - JOIN (JoinDefinedByMetadata(tariff)) : <gen:1> -> <gen:2>
                   - EntityQuerySpaceImpl(uid=<gen:2>, entity=by.epam.web.bean.Tarif)
                      - SQL table alias mapping - tarif1_
                      - alias suffix - 2_
                      - suffixed key columns - {id1_0_2_}

13:39:03 DEBUG CollectionLoader - Static select for collection by.epam.web.bean.User.notes: select notes0_.user_id as user_id4_1_0_, notes0_.id as id1_1_0_, notes0_.id as id1_1_1_, notes0_.tariff_id as tariff_i3_1_1_, notes0_.create_time as create_t2_1_1_, notes0_.user_id as user_id4_1_1_, tarif1_.id as id1_0_2_, tarif1_.description as descript2_0_2_, tarif1_.discount as discount3_0_2_, tarif1_.name as name4_0_2_, tarif1_.price as price5_0_2_, tarif1_.speed as speed6_0_2_ from tariff_note notes0_ left outer join tariff tarif1_ on notes0_.tariff_id=tarif1_.id where notes0_.user_id=?
13:39:03 DEBUG EnumType - Using NAMED-based conversion for Enum by.epam.web.bean.Role
13:39:03 DEBUG EnumType - Using NAMED-based conversion for Enum by.epam.web.bean.Role
13:39:03 INFO  access - HHH10001501: Connection obtained from JdbcConnectionAccess [org.hibernate.engine.jdbc.env.internal.JdbcEnvironmentInitiator$ConnectionProviderJdbcConnectionAccess@2de6f1bc] for (non-JTA) DDL execution was not in auto-commit mode; the Connection 'local transaction' will be committed and the Connection will be set into auto-commit mode.
13:39:03 DEBUG EnumType - Using NAMED-based conversion for Enum by.epam.web.bean.Role
13:39:03 DEBUG JtaPlatformInitiator - No JtaPlatform was specified, checking resolver
13:39:03 DEBUG JtaPlatformResolverInitiator - No JtaPlatformResolver was specified, using default [org.hibernate.engine.transaction.jta.platform.internal.StandardJtaPlatformResolver]
13:39:03 DEBUG StandardJtaPlatformResolver - Could not resolve JtaPlatform, using default [org.hibernate.engine.transaction.jta.platform.internal.NoJtaPlatform]
13:39:03 INFO  JtaPlatformInitiator - HHH000490: Using JtaPlatform implementation: [org.hibernate.engine.transaction.jta.platform.internal.NoJtaPlatform]
13:39:03 DEBUG NamedQueryRepository - Checking 0 named HQL queries
13:39:03 DEBUG NamedQueryRepository - Checking 0 named SQL queries
13:39:03 DEBUG SessionFactoryRegistry - Initializing SessionFactoryRegistry : org.hibernate.internal.SessionFactoryRegistry@41f3aaf1
13:39:03 DEBUG SessionFactoryRegistry - Registering SessionFactory: 0cce922a-b468-4a14-b58f-c0ba4aa0bbd3 (<unnamed>)
13:39:03 DEBUG SessionFactoryRegistry - Not binding SessionFactory to JNDI, no JNDI name configured
13:39:03 DEBUG StatisticsInitiator - Statistics initialized [enabled=false]
13:39:03 DEBUG TransactionImpl - On TransactionImpl creation, JpaCompliance#isJpaTransactionComplianceEnabled == false
13:39:03 DEBUG TransactionImpl - begin
13:39:03 DEBUG ActionQueue - Executing identity-insert immediately
13:39:03 DEBUG SQL - insert into user (active, balance, email, login, name, password, phone, role, surname, create_time) values (?, ?, ?, ?, ?, ?, ?, ?, ?, ?)
13:39:03 DEBUG IdentifierGeneratorHelper - Natively generated identity: 8
13:39:03 DEBUG ResourceRegistryStandardImpl - HHH000387: ResultSet's statement was not registered
13:39:03 DEBUG TransactionImpl - committing
13:39:03 DEBUG AbstractFlushingEventListener - Processing flush-time cascades
13:39:03 DEBUG AbstractFlushingEventListener - Dirty checking collections
13:39:03 DEBUG AbstractFlushingEventListener - Flushed: 0 insertions, 0 updates, 0 deletions to 1 objects
13:39:03 DEBUG AbstractFlushingEventListener - Flushed: 0 (re)creations, 0 updates, 0 removals to 0 collections
13:39:03 DEBUG EntityPrinter - Listing entities:
13:39:03 DEBUG EntityPrinter - by.epam.web.bean.User{password=user, notes=null, role=USER, balance=0.0, phone=+375296902620, surname=Zhalabkevich, name=Katsiaryna, active=false, id=8, time=null, login=user, email=beluzhka@gmail.com}
13:39:03 DEBUG LogicalConnectionManagedImpl - Initiating JDBC connection release from afterTransaction
13:39:03 DEBUG LogicalConnectionManagedImpl - Initiating JDBC connection release from afterTransaction
13:39:03 DEBUG TransactionImpl - On TransactionImpl creation, JpaCompliance#isJpaTransactionComplianceEnabled == false
13:39:03 DEBUG TransactionImpl - begin
13:39:03 DEBUG ActionQueue - Executing identity-insert immediately
13:39:03 DEBUG SQL - insert into tariff (description, discount, name, price, speed) values (?, ?, ?, ?, ?)
13:39:03 DEBUG IdentifierGeneratorHelper - Natively generated identity: 5
13:39:03 DEBUG ResourceRegistryStandardImpl - HHH000387: ResultSet's statement was not registered
13:39:03 DEBUG TransactionImpl - committing
13:39:03 DEBUG AbstractFlushingEventListener - Processing flush-time cascades
13:39:03 DEBUG AbstractFlushingEventListener - Dirty checking collections
13:39:03 DEBUG AbstractFlushingEventListener - Flushed: 0 insertions, 0 updates, 0 deletions to 1 objects
13:39:03 DEBUG AbstractFlushingEventListener - Flushed: 0 (re)creations, 0 updates, 0 removals to 0 collections
13:39:03 DEBUG EntityPrinter - Listing entities:
13:39:03 DEBUG EntityPrinter - by.epam.web.bean.Tarif{price=25.0, name=Home 45, description=cool tariff, discount=0.0, id=5, speed=200}
13:39:04 DEBUG LogicalConnectionManagedImpl - Initiating JDBC connection release from afterTransaction
13:39:04 DEBUG LogicalConnectionManagedImpl - Initiating JDBC connection release from afterTransaction
13:39:04 DEBUG SessionFactoryImpl - HHH000031: Closing
13:39:04 DEBUG TypeConfiguration$Scope - Un-scoping TypeConfiguration [org.hibernate.type.spi.TypeConfiguration$Scope@18709cb2] from SessionFactory [org.hibernate.internal.SessionFactoryImpl@79a04e5f]
13:39:04 DEBUG AbstractServiceRegistryImpl - Implicitly destroying ServiceRegistry on de-registration of all child ServiceRegistries
13:39:04 INFO  pooling - HHH10001008: Cleaning up connection pool [jdbc:mysql://localhost:3306/hiber_telecom?serverTimezone=Europe/Minsk&useSSL=false&logger=com.mysql.jdbc.log.Slf4JLogger]
13:39:04 DEBUG BootstrapServiceRegistryImpl - Implicitly destroying Boot-strap registry on de-registration of all child ServiceRegistries
